SF:/home/plc/workspace/ALADIN-Functions/services/text-template-service/src/api.rs
FN:35,_RNvMNtCs2CQhemLciWG_21text_template_service3apiNtB2_8AppState3new
FN:70,_RNvNtCs2CQhemLciWG_21text_template_service3api12capabilities
FN:221,_RNvNtCs2CQhemLciWG_21text_template_service3api13parse_quality
FN:125,_RNvNtCs2CQhemLciWG_21text_template_service3api15render_template
FN:168,_RNvNtCs2CQhemLciWG_21text_template_service3api16openapi_document
FN:158,_RNvNtCs2CQhemLciWG_21text_template_service3api17await_render_task
FN:201,_RNvNtCs2CQhemLciWG_21text_template_service3api17parse_media_range
FN:234,_RNvNtCs2CQhemLciWG_21text_template_service3api17update_preference
FN:265,_RNvNtCs2CQhemLciWG_21text_template_service3api18map_json_rejection
FN:172,_RNvNtCs2CQhemLciWG_21text_template_service3api18negotiate_response
FN:261,_RNvNtCs2CQhemLciWG_21text_template_service3api22invalid_accept_quality
FN:61,_RNvNtCs2CQhemLciWG_21text_template_service3api6health
FN:45,_RNvNtCs2CQhemLciWG_21text_template_service3api6router
FN:136,_RNCNCNvNtCs2CQhemLciWG_21text_template_service3api15render_template00B7_
FN:140,_RNCNCNvNtCs2CQhemLciWG_21text_template_service3api15render_template0s_0B7_
FN:164,_RNCNCNvNtCs2CQhemLciWG_21text_template_service3api17await_render_task00B7_
FN:165,_RNCNCNvNtCs2CQhemLciWG_21text_template_service3api17await_render_task0s_0B7_
FN:70,_RNCNvNtCs2CQhemLciWG_21text_template_service3api12capabilities0B5_
FN:223,_RNCNvNtCs2CQhemLciWG_21text_template_service3api13parse_quality0B5_
FN:129,_RNCNvNtCs2CQhemLciWG_21text_template_service3api15render_template0B5_
FN:168,_RNCNvNtCs2CQhemLciWG_21text_template_service3api16openapi_document0B5_
FN:161,_RNCNvNtCs2CQhemLciWG_21text_template_service3api17await_render_task0B5_
FN:253,_RNCNvNtCs2CQhemLciWG_21text_template_service3api17update_preference0B5_
FN:182,_RNCNvNtCs2CQhemLciWG_21text_template_service3api18negotiate_response0B5_
FN:61,_RNCNvNtCs2CQhemLciWG_21text_template_service3api6health0B5_
FN:336,_RNvNtNtCsht7KGs6HeT3_21text_template_service3api5testss_26parses_valid_quality_forms
FN:293,_RNvNtNtCsht7KGs6HeT3_21text_template_service3api5testss_32rejects_non_ascii_accept_headers
FN:344,_RNvNtNtCsht7KGs6HeT3_21text_template_service3api5testss_42maps_timed_out_and_panicked_renderer_tasks
FN:319,_RNvNtNtCsht7KGs6HeT3_21text_template_service3api5testss_46rejects_unacceptable_or_invalid_quality_values
FN:303,_RNvNtNtCsht7KGs6HeT3_21text_template_service3api5testss_49negotiates_quality_values_and_specific_exclusions
FN:70,_RNvNtCsht7KGs6HeT3_21text_template_service3api12capabilities
FN:125,_RNvNtCsht7KGs6HeT3_21text_template_service3api15render_template
FN:168,_RNvNtCsht7KGs6HeT3_21text_template_service3api16openapi_document
FN:61,_RNvNtCsht7KGs6HeT3_21text_template_service3api6health
FN:45,_RNvNtCsht7KGs6HeT3_21text_template_service3api6router
FN:35,_RNvMNtCsht7KGs6HeT3_21text_template_service3apiNtB2_8AppState3new
FN:221,_RNvNtCsht7KGs6HeT3_21text_template_service3api13parse_quality
FN:158,_RNvNtCsht7KGs6HeT3_21text_template_service3api17await_render_task
FN:201,_RNvNtCsht7KGs6HeT3_21text_template_service3api17parse_media_range
FN:234,_RNvNtCsht7KGs6HeT3_21text_template_service3api17update_preference
FN:265,_RNvNtCsht7KGs6HeT3_21text_template_service3api18map_json_rejection
FN:172,_RNvNtCsht7KGs6HeT3_21text_template_service3api18negotiate_response
FN:261,_RNvNtCsht7KGs6HeT3_21text_template_service3api22invalid_accept_quality
FN:350,_RNCNCNvNtNtCsht7KGs6HeT3_21text_template_service3api5testss_42maps_timed_out_and_panicked_renderer_tasks00B9_
FN:361,_RNCNCNvNtNtCsht7KGs6HeT3_21text_template_service3api5testss_42maps_timed_out_and_panicked_renderer_tasks0s_0B9_
FN:344,_RNCNvNtNtCsht7KGs6HeT3_21text_template_service3api5testss_42maps_timed_out_and_panicked_renderer_tasks0B7_
FN:136,_RNCNCNvNtCsht7KGs6HeT3_21text_template_service3api15render_template00B7_
FN:140,_RNCNCNvNtCsht7KGs6HeT3_21text_template_service3api15render_template0s_0B7_
FN:164,_RNCNCNvNtCsht7KGs6HeT3_21text_template_service3api17await_render_task00B7_
FN:165,_RNCNCNvNtCsht7KGs6HeT3_21text_template_service3api17await_render_task0s_0B7_
FN:70,_RNCNvNtCsht7KGs6HeT3_21text_template_service3api12capabilities0B5_
FN:223,_RNCNvNtCsht7KGs6HeT3_21text_template_service3api13parse_quality0B5_
FN:129,_RNCNvNtCsht7KGs6HeT3_21text_template_service3api15render_template0B5_
FN:168,_RNCNvNtCsht7KGs6HeT3_21text_template_service3api16openapi_document0B5_
FN:161,_RNCNvNtCsht7KGs6HeT3_21text_template_service3api17await_render_task0B5_
FN:253,_RNCNvNtCsht7KGs6HeT3_21text_template_service3api17update_preference0B5_
FN:182,_RNCNvNtCsht7KGs6HeT3_21text_template_service3api18negotiate_response0B5_
FN:61,_RNCNvNtCsht7KGs6HeT3_21text_template_service3api6health0B5_
FNDA:16,_RNvMNtCs2CQhemLciWG_21text_template_service3apiNtB2_8AppState3new
FNDA:2,_RNvNtCs2CQhemLciWG_21text_template_service3api12capabilities
FNDA:0,_RNvNtCs2CQhemLciWG_21text_template_service3api13parse_quality
FNDA:12,_RNvNtCs2CQhemLciWG_21text_template_service3api15render_template
FNDA:1,_RNvNtCs2CQhemLciWG_21text_template_service3api16openapi_document
FNDA:6,_RNvNtCs2CQhemLciWG_21text_template_service3api17await_render_task
FNDA:5,_RNvNtCs2CQhemLciWG_21text_template_service3api17parse_media_range
FNDA:10,_RNvNtCs2CQhemLciWG_21text_template_service3api17update_preference
FNDA:4,_RNvNtCs2CQhemLciWG_21text_template_service3api18map_json_rejection
FNDA:12,_RNvNtCs2CQhemLciWG_21text_template_service3api18negotiate_response
FNDA:0,_RNvNtCs2CQhemLciWG_21text_template_service3api22invalid_accept_quality
FNDA:1,_RNvNtCs2CQhemLciWG_21text_template_service3api6health
FNDA:16,_RNvNtCs2CQhemLciWG_21text_template_service3api6router
FNDA:1,_RNCNCNvNtCs2CQhemLciWG_21text_template_service3api15render_template00B7_
FNDA:6,_RNCNCNvNtCs2CQhemLciWG_21text_template_service3api15render_template0s_0B7_
FNDA:0,_RNCNCNvNtCs2CQhemLciWG_21text_template_service3api17await_render_task00B7_
FNDA:0,_RNCNCNvNtCs2CQhemLciWG_21text_template_service3api17await_render_task0s_0B7_
FNDA:2,_RNCNvNtCs2CQhemLciWG_21text_template_service3api12capabilities0B5_
FNDA:0,_RNCNvNtCs2CQhemLciWG_21text_template_service3api13parse_quality0B5_
FNDA:12,_RNCNvNtCs2CQhemLciWG_21text_template_service3api15render_template0B5_
FNDA:1,_RNCNvNtCs2CQhemLciWG_21text_template_service3api16openapi_document0B5_
FNDA:6,_RNCNvNtCs2CQhemLciWG_21text_template_service3api17await_render_task0B5_
FNDA:0,_RNCNvNtCs2CQhemLciWG_21text_template_service3api17update_preference0B5_
FNDA:0,_RNCNvNtCs2CQhemLciWG_21text_template_service3api18negotiate_response0B5_
FNDA:1,_RNCNvNtCs2CQhemLciWG_21text_template_service3api6health0B5_
FNDA:1,_RNvNtNtCsht7KGs6HeT3_21text_template_service3api5testss_26parses_valid_quality_forms
FNDA:1,_RNvNtNtCsht7KGs6HeT3_21text_template_service3api5testss_32rejects_non_ascii_accept_headers
FNDA:1,_RNvNtNtCsht7KGs6HeT3_21text_template_service3api5testss_42maps_timed_out_and_panicked_renderer_tasks
FNDA:1,_RNvNtNtCsht7KGs6HeT3_21text_template_service3api5testss_46rejects_unacceptable_or_invalid_quality_values
FNDA:1,_RNvNtNtCsht7KGs6HeT3_21text_template_service3api5testss_49negotiates_quality_values_and_specific_exclusions
FNDA:0,_RNvNtCsht7KGs6HeT3_21text_template_service3api12capabilities
FNDA:0,_RNvNtCsht7KGs6HeT3_21text_template_service3api15render_template
FNDA:0,_RNvNtCsht7KGs6HeT3_21text_template_service3api16openapi_document
FNDA:0,_RNvNtCsht7KGs6HeT3_21text_template_service3api6health
FNDA:0,_RNvNtCsht7KGs6HeT3_21text_template_service3api6router
FNDA:1,_RNvMNtCsht7KGs6HeT3_21text_template_service3apiNtB2_8AppState3new
FNDA:17,_RNvNtCsht7KGs6HeT3_21text_template_service3api13parse_quality
FNDA:2,_RNvNtCsht7KGs6HeT3_21text_template_service3api17await_render_task
FNDA:15,_RNvNtCsht7KGs6HeT3_21text_template_service3api17parse_media_range
FNDA:24,_RNvNtCsht7KGs6HeT3_21text_template_service3api17update_preference
FNDA:0,_RNvNtCsht7KGs6HeT3_21text_template_service3api18map_json_rejection
FNDA:11,_RNvNtCsht7KGs6HeT3_21text_template_service3api18negotiate_response
FNDA:3,_RNvNtCsht7KGs6HeT3_21text_template_service3api22invalid_accept_quality
FNDA:1,_RNCNCNvNtNtCsht7KGs6HeT3_21text_template_service3api5testss_42maps_timed_out_and_panicked_renderer_tasks00B9_
FNDA:1,_RNCNCNvNtNtCsht7KGs6HeT3_21text_template_service3api5testss_42maps_timed_out_and_panicked_renderer_tasks0s_0B9_
FNDA:1,_RNCNvNtNtCsht7KGs6HeT3_21text_template_service3api5testss_42maps_timed_out_and_panicked_renderer_tasks0B7_
FNDA:0,_RNCNCNvNtCsht7KGs6HeT3_21text_template_service3api15render_template00B7_
FNDA:0,_RNCNCNvNtCsht7KGs6HeT3_21text_template_service3api15render_template0s_0B7_
FNDA:1,_RNCNCNvNtCsht7KGs6HeT3_21text_template_service3api17await_render_task00B7_
FNDA:1,_RNCNCNvNtCsht7KGs6HeT3_21text_template_service3api17await_render_task0s_0B7_
FNDA:0,_RNCNvNtCsht7KGs6HeT3_21text_template_service3api12capabilities0B5_
FNDA:12,_RNCNvNtCsht7KGs6HeT3_21text_template_service3api13parse_quality0B5_
FNDA:0,_RNCNvNtCsht7KGs6HeT3_21text_template_service3api15render_template0B5_
FNDA:0,_RNCNvNtCsht7KGs6HeT3_21text_template_service3api16openapi_document0B5_
FNDA:2,_RNCNvNtCsht7KGs6HeT3_21text_template_service3api17await_render_task0B5_
FNDA:1,_RNCNvNtCsht7KGs6HeT3_21text_template_service3api17update_preference0B5_
FNDA:1,_RNCNvNtCsht7KGs6HeT3_21text_template_service3api18negotiate_response0B5_
FNDA:0,_RNCNvNtCsht7KGs6HeT3_21text_template_service3api6health0B5_
FNF:33
FNH:33
DA:35,17
DA:36,17
DA:37,17
DA:38,17
DA:39,17
DA:40,17
DA:41,17
DA:42,17
DA:45,16
DA:46,16
DA:47,16
DA:48,16
DA:49,16
DA:50,16
DA:51,16
DA:52,16
DA:53,16
DA:54,16
DA:61,1
DA:62,1
DA:63,1
DA:70,2
DA:71,2
DA:72,2
DA:73,2
DA:74,2
DA:75,2
DA:76,2
DA:77,2
DA:78,2
DA:79,2
DA:80,2
DA:81,2
DA:82,2
DA:83,2
DA:84,2
DA:85,2
DA:86,2
DA:87,2
DA:88,2
DA:89,2
DA:90,2
DA:91,2
DA:92,2
DA:93,2
DA:94,2
DA:95,2
DA:96,2
DA:97,2
DA:98,2
DA:99,2
DA:100,2
DA:101,2
DA:102,2
DA:103,2
DA:104,2
DA:105,2
DA:125,12
DA:126,12
DA:127,12
DA:128,12
DA:129,12
DA:130,12
DA:131,11
DA:132,7
DA:133,7
DA:134,7
DA:135,7
DA:136,7
DA:137,6
DA:138,6
DA:139,6
DA:140,6
DA:141,6
DA:142,6
DA:143,6
DA:144,6
DA:146,5
DA:147,1
DA:148,1
DA:149,1
DA:150,1
DA:152,1
DA:154,4
DA:156,12
DA:158,8
DA:159,8
DA:160,8
DA:161,8
DA:162,8
DA:163,8
DA:164,8
DA:165,7
DA:166,8
DA:168,1
DA:169,1
DA:170,1
DA:172,23
DA:173,23
DA:174,7
DA:175,16
DA:177,16
DA:178,16
DA:179,16
DA:180,16
DA:181,16
DA:182,16
DA:183,20
DA:184,20
DA:185,17
DA:186,17
DA:190,12
DA:191,12
DA:192,12
DA:193,2
DA:194,2
DA:195,2
DA:197,10
DA:199,23
DA:201,20
DA:202,20
DA:203,20
DA:204,20
DA:205,20
DA:206,20
DA:207,16
DA:208,1
DA:210,15
DA:211,14
DA:212,1
DA:213,13
DA:214,13
DA:215,11
DA:216,1
DA:218,17
DA:219,20
DA:221,17
DA:222,17
DA:223,17
DA:224,1
DA:225,16
DA:226,16
DA:227,4
DA:228,16
DA:229,5
DA:230,2
DA:232,17
DA:234,34
DA:235,34
DA:236,34
DA:237,34
DA:238,34
DA:239,34
DA:240,34
DA:241,34
DA:242,34
DA:243,15
DA:245,13
DA:246,21
DA:247,1
DA:248,20
DA:249,4
DA:251,16
DA:253,18
DA:254,1
DA:255,1
DA:256,17
DA:257,17
DA:258,17
DA:259,34
DA:261,3
DA:262,3
DA:263,3
DA:265,4
DA:266,4
DA:267,4
DA:268,4
DA:269,1
DA:270,3
DA:271,1
DA:275,1
DA:278,2
DA:280,4
DA:293,1
DA:294,1
DA:295,1
DA:297,1
DA:299,1
DA:300,1
DA:303,1
DA:304,6
DA:305,1
DA:306,1
DA:307,1
DA:308,1
DA:309,1
DA:310,1
DA:311,1
DA:312,6
DA:313,6
DA:314,6
DA:316,1
DA:319,1
DA:320,4
DA:321,1
DA:322,1
DA:323,1
DA:324,1
DA:325,1
DA:326,4
DA:327,4
DA:328,4
DA:329,4
DA:333,1
DA:336,1
DA:337,1
DA:338,1
DA:339,1
DA:340,1
DA:341,1
DA:344,1
DA:345,1
DA:346,1
DA:347,1
DA:348,1
DA:349,1
DA:350,1
DA:351,1
DA:352,1
DA:353,1
DA:354,1
DA:355,1
DA:356,1
DA:357,1
DA:358,1
DA:359,1
DA:361,1
DA:362,1
DA:364,1
DA:365,1
DA:366,1
DA:367,1
DA:368,1
BRF:0
BRH:0
LF:260
LH:260
end_of_record
SF:/home/plc/workspace/ALADIN-Functions/services/text-template-service/src/bounded_filters.rs
FN:134,_RNvMNtCs2CQhemLciWG_21text_template_service15bounded_filtersNtB2_12BudgetWriter3new
FN:43,_RNvNtCs2CQhemLciWG_21text_template_service15bounded_filters11limit_error
FN:55,_RNvNtCs2CQhemLciWG_21text_template_service15bounded_filters11push_spaces
FN:47,_RNvNtCs2CQhemLciWG_21text_template_service15bounded_filters12push_bounded
FN:382,_RNvNtCs2CQhemLciWG_21text_template_service15bounded_filters13decimal_value
FN:390,_RNvNtCs2CQhemLciWG_21text_template_service15bounded_filters14is_printf_type
FN:287,_RNvNtCs2CQhemLciWG_21text_template_service15bounded_filters16push_clamped_run
FN:335,_RNvNtCs2CQhemLciWG_21text_template_service15bounded_filters18parse_printf_field
FN:242,_RNvNtCs2CQhemLciWG_21text_template_service15bounded_filters19clamp_printf_widths
FN:313,_RNvNtCs2CQhemLciWG_21text_template_service15bounded_filters27printf_has_oversized_fields
FN:223,_RNvNtCs2CQhemLciWG_21text_template_service15bounded_filters6format
FN:68,_RNvNtCs2CQhemLciWG_21text_template_service15bounded_filters6indent
FN:162,_RNvNtCs2CQhemLciWG_21text_template_service15bounded_filters6tojson
FN:37,_RNvNtCs2CQhemLciWG_21text_template_service15bounded_filters8register
FN:370,_RNvNtCs2CQhemLciWG_21text_template_service15bounded_filters9digit_run
FN:152,_RNvXs_NtCs2CQhemLciWG_21text_template_service15bounded_filtersNtB4_12BudgetWriterNtNtCs2AWtUsOyxgP_3std2io5Write5flush
FN:143,_RNvXs_NtCs2CQhemLciWG_21text_template_service15bounded_filtersNtB4_12BudgetWriterNtNtCs2AWtUsOyxgP_3std2io5Write5write
FN:383,_RNCNvNtCs2CQhemLciWG_21text_template_service15bounded_filters13decimal_value0B5_
FN:347,_RNCNvNtCs2CQhemLciWG_21text_template_service15bounded_filters18parse_printf_field0B5_
FN:118,_RNCNvNtCs2CQhemLciWG_21text_template_service15bounded_filters6indent0B5_
FN:214,_RNCNvNtCs2CQhemLciWG_21text_template_service15bounded_filters6tojson0B5_
FN:152,_RNvXs_NtCsht7KGs6HeT3_21text_template_service15bounded_filtersNtB4_12BudgetWriterNtNtCs2AWtUsOyxgP_3std2io5Write5flush
FN:134,_RNvMNtCsht7KGs6HeT3_21text_template_service15bounded_filtersNtB2_12BudgetWriter3new
FN:43,_RNvNtCsht7KGs6HeT3_21text_template_service15bounded_filters11limit_error
FN:55,_RNvNtCsht7KGs6HeT3_21text_template_service15bounded_filters11push_spaces
FN:47,_RNvNtCsht7KGs6HeT3_21text_template_service15bounded_filters12push_bounded
FN:382,_RNvNtCsht7KGs6HeT3_21text_template_service15bounded_filters13decimal_value
FN:390,_RNvNtCsht7KGs6HeT3_21text_template_service15bounded_filters14is_printf_type
FN:287,_RNvNtCsht7KGs6HeT3_21text_template_service15bounded_filters16push_clamped_run
FN:335,_RNvNtCsht7KGs6HeT3_21text_template_service15bounded_filters18parse_printf_field
FN:242,_RNvNtCsht7KGs6HeT3_21text_template_service15bounded_filters19clamp_printf_widths
FN:313,_RNvNtCsht7KGs6HeT3_21text_template_service15bounded_filters27printf_has_oversized_fields
FN:223,_RNvNtCsht7KGs6HeT3_21text_template_service15bounded_filters6format
FN:68,_RNvNtCsht7KGs6HeT3_21text_template_service15bounded_filters6indent
FN:162,_RNvNtCsht7KGs6HeT3_21text_template_service15bounded_filters6tojson
FN:37,_RNvNtCsht7KGs6HeT3_21text_template_service15bounded_filters8register
FN:370,_RNvNtCsht7KGs6HeT3_21text_template_service15bounded_filters9digit_run
FN:143,_RNvXs_NtCsht7KGs6HeT3_21text_template_service15bounded_filtersNtB4_12BudgetWriterNtNtCs2AWtUsOyxgP_3std2io5Write5write
FN:433,_RNvNtNtCsht7KGs6HeT3_21text_template_service15bounded_filters5testss_34bounded_format_clamps_giant_widths
FN:419,_RNvNtNtCsht7KGs6HeT3_21text_template_service15bounded_filters5testss_35clamps_only_oversized_printf_widths
FN:441,_RNCNvNtNtCsht7KGs6HeT3_21text_template_service15bounded_filters5testss_34bounded_format_clamps_giant_widths0B7_
FN:383,_RNCNvNtCsht7KGs6HeT3_21text_template_service15bounded_filters13decimal_value0B5_
FN:347,_RNCNvNtCsht7KGs6HeT3_21text_template_service15bounded_filters18parse_printf_field0B5_
FN:118,_RNCNvNtCsht7KGs6HeT3_21text_template_service15bounded_filters6indent0B5_
FN:214,_RNCNvNtCsht7KGs6HeT3_21text_template_service15bounded_filters6tojson0B5_
FNDA:0,_RNvMNtCs2CQhemLciWG_21text_template_service15bounded_filtersNtB2_12BudgetWriter3new
FNDA:0,_RNvNtCs2CQhemLciWG_21text_template_service15bounded_filters11limit_error
FNDA:0,_RNvNtCs2CQhemLciWG_21text_template_service15bounded_filters11push_spaces
FNDA:0,_RNvNtCs2CQhemLciWG_21text_template_service15bounded_filters12push_bounded
FNDA:0,_RNvNtCs2CQhemLciWG_21text_template_service15bounded_filters13decimal_value
FNDA:0,_RNvNtCs2CQhemLciWG_21text_template_service15bounded_filters14is_printf_type
FNDA:0,_RNvNtCs2CQhemLciWG_21text_template_service15bounded_filters16push_clamped_run
FNDA:0,_RNvNtCs2CQhemLciWG_21text_template_service15bounded_filters18parse_printf_field
FNDA:0,_RNvNtCs2CQhemLciWG_21text_template_service15bounded_filters19clamp_printf_widths
FNDA:0,_RNvNtCs2CQhemLciWG_21text_template_service15bounded_filters27printf_has_oversized_fields
FNDA:0,_RNvNtCs2CQhemLciWG_21text_template_service15bounded_filters6format
FNDA:0,_RNvNtCs2CQhemLciWG_21text_template_service15bounded_filters6indent
FNDA:0,_RNvNtCs2CQhemLciWG_21text_template_service15bounded_filters6tojson
FNDA:21,_RNvNtCs2CQhemLciWG_21text_template_service15bounded_filters8register
FNDA:0,_RNvNtCs2CQhemLciWG_21text_template_service15bounded_filters9digit_run
FNDA:0,_RNvXs_NtCs2CQhemLciWG_21text_template_service15bounded_filtersNtB4_12BudgetWriterNtNtCs2AWtUsOyxgP_3std2io5Write5flush
FNDA:0,_RNvXs_NtCs2CQhemLciWG_21text_template_service15bounded_filtersNtB4_12BudgetWriterNtNtCs2AWtUsOyxgP_3std2io5Write5write
FNDA:0,_RNCNvNtCs2CQhemLciWG_21text_template_service15bounded_filters13decimal_value0B5_
FNDA:0,_RNCNvNtCs2CQhemLciWG_21text_template_service15bounded_filters18parse_printf_field0B5_
FNDA:0,_RNCNvNtCs2CQhemLciWG_21text_template_service15bounded_filters6indent0B5_
FNDA:0,_RNCNvNtCs2CQhemLciWG_21text_template_service15bounded_filters6tojson0B5_
FNDA:0,_RNvXs_NtCsht7KGs6HeT3_21text_template_service15bounded_filtersNtB4_12BudgetWriterNtNtCs2AWtUsOyxgP_3std2io5Write5flush
FNDA:0,_RNvMNtCsht7KGs6HeT3_21text_template_service15bounded_filtersNtB2_12BudgetWriter3new
FNDA:0,_RNvNtCsht7KGs6HeT3_21text_template_service15bounded_filters11limit_error
FNDA:0,_RNvNtCsht7KGs6HeT3_21text_template_service15bounded_filters11push_spaces
FNDA:0,_RNvNtCsht7KGs6HeT3_21text_template_service15bounded_filters12push_bounded
FNDA:12,_RNvNtCsht7KGs6HeT3_21text_template_service15bounded_filters13decimal_value
FNDA:15,_RNvNtCsht7KGs6HeT3_21text_template_service15bounded_filters14is_printf_type
FNDA:6,_RNvNtCsht7KGs6HeT3_21text_template_service15bounded_filters16push_clamped_run
FNDA:18,_RNvNtCsht7KGs6HeT3_21text_template_service15bounded_filters18parse_printf_field
FNDA:8,_RNvNtCsht7KGs6HeT3_21text_template_service15bounded_filters19clamp_printf_widths
FNDA:8,_RNvNtCsht7KGs6HeT3_21text_template_service15bounded_filters27printf_has_oversized_fields
FNDA:1,_RNvNtCsht7KGs6HeT3_21text_template_service15bounded_filters6format
FNDA:0,_RNvNtCsht7KGs6HeT3_21text_template_service15bounded_filters6indent
FNDA:0,_RNvNtCsht7KGs6HeT3_21text_template_service15bounded_filters6tojson
FNDA:5,_RNvNtCsht7KGs6HeT3_21text_template_service15bounded_filters8register
FNDA:21,_RNvNtCsht7KGs6HeT3_21text_template_service15bounded_filters9digit_run
FNDA:0,_RNvXs_NtCsht7KGs6HeT3_21text_template_service15bounded_filtersNtB4_12BudgetWriterNtNtCs2AWtUsOyxgP_3std2io5Write5write
FNDA:1,_RNvNtNtCsht7KGs6HeT3_21text_template_service15bounded_filters5testss_34bounded_format_clamps_giant_widths
FNDA:1,_RNvNtNtCsht7KGs6HeT3_21text_template_service15bounded_filters5testss_35clamps_only_oversized_printf_widths
FNDA:256,_RNCNvNtNtCsht7KGs6HeT3_21text_template_service15bounded_filters5testss_34bounded_format_clamps_giant_widths0B7_
FNDA:73,_RNCNvNtCsht7KGs6HeT3_21text_template_service15bounded_filters13decimal_value0B5_
FNDA:8,_RNCNvNtCsht7KGs6HeT3_21text_template_service15bounded_filters18parse_printf_field0B5_
FNDA:0,_RNCNvNtCsht7KGs6HeT3_21text_template_service15bounded_filters6indent0B5_
FNDA:0,_RNCNvNtCsht7KGs6HeT3_21text_template_service15bounded_filters6tojson0B5_
FNF:24
FNH:14
DA:37,26
DA:38,26
DA:39,26
DA:40,26
DA:41,26
DA:43,0
DA:44,0
DA:45,0
DA:47,0
DA:48,0
DA:49,0
DA:50,0
DA:51,0
DA:52,0
DA:53,0
DA:55,0
DA:56,0
DA:57,0
DA:58,0
DA:59,0
DA:60,0
DA:61,0
DA:68,0
DA:69,0
DA:70,0
DA:71,0
DA:72,0
DA:73,0
DA:74,0
DA:75,0
DA:76,0
DA:77,0
DA:79,0
DA:80,0
DA:81,0
DA:83,0
DA:84,0
DA:85,0
DA:87,0
DA:89,0
DA:90,0
DA:91,0
DA:92,0
DA:93,0
DA:94,0
DA:95,0
DA:97,0
DA:98,0
DA:99,0
DA:100,0
DA:101,0
DA:102,0
DA:103,0
DA:104,0
DA:105,0
DA:106,0
DA:107,0
DA:108,0
DA:109,0
DA:111,0
DA:112,0
DA:114,0
DA:117,0
DA:118,0
DA:119,0
DA:120,0
DA:121,0
DA:122,0
DA:123,0
DA:124,0
DA:125,0
DA:126,0
DA:134,0
DA:135,0
DA:136,0
DA:137,0
DA:138,0
DA:139,0
DA:143,0
DA:144,0
DA:145,0
DA:146,0
DA:147,0
DA:148,0
DA:149,0
DA:150,0
DA:152,0
DA:153,0
DA:154,0
DA:162,0
DA:163,0
DA:164,0
DA:165,0
DA:167,0
DA:168,0
DA:169,0
DA:170,0
DA:171,0
DA:172,0
DA:175,0
DA:176,0
DA:177,0
DA:178,0
DA:181,0
DA:182,0
DA:183,0
DA:184,0
DA:185,0
DA:186,0
DA:188,0
DA:190,0
DA:191,0
DA:192,0
DA:193,0
DA:194,0
DA:195,0
DA:196,0
DA:197,0
DA:199,0
DA:200,0
DA:201,0
DA:202,0
DA:203,0
DA:204,0
DA:205,0
DA:206,0
DA:208,0
DA:209,0
DA:210,0
DA:211,0
DA:213,0
DA:214,0
DA:215,0
DA:216,0
DA:223,1
DA:224,1
DA:225,1
DA:226,0
DA:228,1
DA:229,1
DA:230,0
DA:232,1
DA:233,0
DA:235,1
DA:237,1
DA:238,1
DA:242,8
DA:243,8
DA:244,4
DA:245,4
DA:246,4
DA:247,4
DA:248,4
DA:249,4
DA:250,18
DA:251,14
DA:252,8
DA:253,8
DA:254,6
DA:255,6
DA:256,0
DA:257,0
DA:259,6
DA:260,6
DA:261,6
DA:262,9
DA:263,3
DA:264,3
DA:265,3
DA:266,6
DA:267,6
DA:268,2
DA:269,2
DA:270,2
DA:271,2
DA:272,1
DA:273,1
DA:274,1
DA:275,1
DA:276,0
DA:277,2
DA:278,4
DA:279,6
DA:280,6
DA:281,6
DA:283,4
DA:284,4
DA:285,8
DA:287,6
DA:288,6
DA:289,6
DA:290,6
DA:291,6
DA:292,6
DA:293,6
DA:294,4
DA:295,4
DA:296,3
DA:297,3
DA:298,1
DA:299,1
DA:300,4
DA:301,2
DA:302,6
DA:303,6
DA:313,8
DA:314,8
DA:315,8
DA:316,43
DA:317,39
DA:318,27
DA:319,27
DA:320,12
DA:321,12
DA:322,3
DA:323,3
DA:325,9
DA:326,6
DA:327,4
DA:328,2
DA:330,5
DA:332,4
DA:333,8
DA:335,18
DA:336,18
DA:337,18
DA:338,1
DA:339,17
DA:340,17
DA:341,0
DA:342,17
DA:343,24
DA:344,7
DA:345,7
DA:346,17
DA:347,17
DA:348,17
DA:349,17
DA:350,4
DA:351,4
DA:352,4
DA:353,4
DA:354,13
DA:355,17
DA:356,0
DA:357,17
DA:358,17
DA:359,15
DA:360,15
DA:361,15
DA:362,15
DA:363,15
DA:364,15
DA:366,2
DA:368,18
DA:370,21
DA:371,21
DA:372,94
DA:373,73
DA:374,73
DA:375,21
DA:376,9
DA:378,12
DA:380,21
DA:382,12
DA:383,73
DA:384,73
DA:385,73
DA:386,73
DA:387,73
DA:388,12
DA:390,15
DA:391,0
DA:392,15
DA:408,15
DA:419,1
DA:420,1
DA:421,1
DA:422,1
DA:423,1
DA:424,1
DA:425,1
DA:426,1
DA:428,1
DA:429,1
DA:430,1
DA:433,1
DA:434,1
DA:435,1
DA:436,1
DA:437,1
DA:438,1
DA:439,1
DA:440,1
DA:441,256
DA:442,1
BRF:0
BRH:0
LF:301
LH:161
end_of_record
SF:/home/plc/workspace/ALADIN-Functions/services/text-template-service/src/cli.rs
FN:123,_RNvNtCs2CQhemLciWG_21text_template_service3cli11load_bundle
FN:75,_RNvNtCs2CQhemLciWG_21text_template_service3cli13write_openapi
FN:92,_RNvNtCs2CQhemLciWG_21text_template_service3cli13write_problem
FN:21,_RNvNtCs2CQhemLciWG_21text_template_service3cli14execute_render
FN:202,_RNvNtCs2CQhemLciWG_21text_template_service3cli15insert_template
FN:231,_RNvNtCs2CQhemLciWG_21text_template_service3cli18escaped_path_error
FN:227,_RNvNtCs2CQhemLciWG_21text_template_service3cli18inspect_path_error
FN:138,_RNvNtCs2CQhemLciWG_21text_template_service3cli20collect_bundle_files
FN:216,_RNvNtCs2CQhemLciWG_21text_template_service3cli20directory_read_error
FN:223,_RNvNtCs2CQhemLciWG_21text_template_service3cli21directory_entry_error
FN:189,_RNvNtCs2CQhemLciWG_21text_template_service3cli21logical_template_name
FN:98,_RNvNtCs2CQhemLciWG_21text_template_service3cli9read_text
FN:108,_RINvNtCs2CQhemLciWG_21text_template_service3cli12read_limitedNtNtCs2AWtUsOyxgP_3std2fs4FileEB4_
FN:108,_RINvNtCs2CQhemLciWG_21text_template_service3cli12read_limitedNtNtNtCs2AWtUsOyxgP_3std2io5stdio9StdinLockEB4_
FN:113,_RNCINvNtCs2CQhemLciWG_21text_template_service3cli12read_limitedNtNtCs2AWtUsOyxgP_3std2fs4FileE0B6_
FN:120,_RNCINvNtCs2CQhemLciWG_21text_template_service3cli12read_limitedNtNtCs2AWtUsOyxgP_3std2fs4FileEs_0B6_
FN:113,_RNCINvNtCs2CQhemLciWG_21text_template_service3cli12read_limitedNtNtNtCs2AWtUsOyxgP_3std2io5stdio9StdinLockE0B6_
FN:120,_RNCINvNtCs2CQhemLciWG_21text_template_service3cli12read_limitedNtNtNtCs2AWtUsOyxgP_3std2io5stdio9StdinLockEs_0B6_
FN:196,_RNCNCNvNtCs2CQhemLciWG_21text_template_service3cli21logical_template_name00B7_
FN:124,_RNCNvNtCs2CQhemLciWG_21text_template_service3cli11load_bundle0B5_
FN:94,_RNCNvNtCs2CQhemLciWG_21text_template_service3cli13write_problem0B5_
FN:30,_RNCNvNtCs2CQhemLciWG_21text_template_service3cli14execute_render0B5_
FN:40,_RNCNvNtCs2CQhemLciWG_21text_template_service3cli14execute_renders0_0B5_
FN:41,_RNCNvNtCs2CQhemLciWG_21text_template_service3cli14execute_renders1_0B5_
FN:47,_RNCNvNtCs2CQhemLciWG_21text_template_service3cli14execute_renders2_0B5_
FN:50,_RNCNvNtCs2CQhemLciWG_21text_template_service3cli14execute_renders3_0B5_
FN:33,_RNCNvNtCs2CQhemLciWG_21text_template_service3cli14execute_renders_0B5_
FN:151,_RNCNvNtCs2CQhemLciWG_21text_template_service3cli20collect_bundle_files0B5_
FN:179,_RNCNvNtCs2CQhemLciWG_21text_template_service3cli20collect_bundle_filess0_0B5_
FN:162,_RNCNvNtCs2CQhemLciWG_21text_template_service3cli20collect_bundle_filess_0B5_
FN:192,_RNCNvNtCs2CQhemLciWG_21text_template_service3cli21logical_template_name0B5_
FN:199,_RNCNvNtCs2CQhemLciWG_21text_template_service3cli21logical_template_names_0B5_
FN:104,_RNCNvNtCs2CQhemLciWG_21text_template_service3cli9read_text0B5_
FN:94,_RNCNvNtCsht7KGs6HeT3_21text_template_service3cli13write_problem0B5_
FN:75,_RNvNtCsht7KGs6HeT3_21text_template_service3cli13write_openapi
FN:92,_RNvNtCsht7KGs6HeT3_21text_template_service3cli13write_problem
FN:248,_RNvNtNtCsht7KGs6HeT3_21text_template_service3cli5tests11render_args
FN:261,_RNvNtNtCsht7KGs6HeT3_21text_template_service3cli5testss_19parses_cli_defaults
FN:321,_RNvNtNtCsht7KGs6HeT3_21text_template_service3cli5testss_29rejects_non_utf8_bundle_files
FN:467,_RNvNtNtCsht7KGs6HeT3_21text_template_service3cli5testss_29rejects_non_utf8_bundle_paths
FN:294,_RNvNtNtCsht7KGs6HeT3_21text_template_service3cli5testss_33rejects_a_file_as_the_bundle_root
FN:332,_RNvNtNtCsht7KGs6HeT3_21text_template_service3cli5testss_34formats_low_level_bundle_io_errors
FN:355,_RNvNtNtCsht7KGs6HeT3_21text_template_service3cli5testss_34ignores_non_file_directory_entries
FN:454,_RNvNtNtCsht7KGs6HeT3_21text_template_service3cli5testss_36duplicate_logical_names_are_rejected
FN:279,_RNvNtNtCsht7KGs6HeT3_21text_template_service3cli5testss_37reports_missing_files_and_directories
FN:368,_RNvNtNtCsht7KGs6HeT3_21text_template_service3cli5testss_38rejects_symlinks_in_bundle_directories
FN:408,_RNvNtNtCsht7KGs6HeT3_21text_template_service3cli5testss_49bundle_loading_enforces_file_and_directory_limits
FN:383,_RNvNtNtCsht7KGs6HeT3_21text_template_service3cli5testss_52bounded_reads_reject_oversized_and_unreadable_inputs
FN:434,_RNvNtNtCsht7KGs6HeT3_21text_template_service3cli5testss_52bundle_name_limits_share_the_renderer_error_contract
FN:306,_RNvNtNtCsht7KGs6HeT3_21text_template_service3cli5testss_63execute_render_requires_a_template_source_and_bundle_entrypoint
FN:397,_RNvXNvNtNtCsht7KGs6HeT3_21text_template_service3cli5testss_52bounded_reads_reject_oversized_and_unreadable_inputsNtB2_13FailingReaderNtNtCs2AWtUsOyxgP_3std2io4Read4read
FN:333,_RNCNvNtNtCsht7KGs6HeT3_21text_template_service3cli5testss_34formats_low_level_bundle_io_errors0B7_
FN:108,_RINvNtCsht7KGs6HeT3_21text_template_service3cli12read_limitedNtNtCs2AWtUsOyxgP_3std2fs4FileEB4_
FN:108,_RINvNtCsht7KGs6HeT3_21text_template_service3cli12read_limitedNtNtNtCs2AWtUsOyxgP_3std2io5stdio9StdinLockEB4_
FN:108,_RINvNtCsht7KGs6HeT3_21text_template_service3cli12read_limitedNtNvNtB2_5testss_52bounded_reads_reject_oversized_and_unreadable_inputs13FailingReaderEB4_
FN:108,_RINvNtCsht7KGs6HeT3_21text_template_service3cli12read_limitedRShEB4_
FN:113,_RNCINvNtCsht7KGs6HeT3_21text_template_service3cli12read_limitedNtNtCs2AWtUsOyxgP_3std2fs4FileE0B6_
FN:120,_RNCINvNtCsht7KGs6HeT3_21text_template_service3cli12read_limitedNtNtCs2AWtUsOyxgP_3std2fs4FileEs_0B6_
FN:113,_RNCINvNtCsht7KGs6HeT3_21text_template_service3cli12read_limitedNtNtNtCs2AWtUsOyxgP_3std2io5stdio9StdinLockE0B6_
FN:120,_RNCINvNtCsht7KGs6HeT3_21text_template_service3cli12read_limitedNtNtNtCs2AWtUsOyxgP_3std2io5stdio9StdinLockEs_0B6_
FN:113,_RNCINvNtCsht7KGs6HeT3_21text_template_service3cli12read_limitedNtNvNtB4_5testss_52bounded_reads_reject_oversized_and_unreadable_inputs13FailingReaderE0B6_
FN:120,_RNCINvNtCsht7KGs6HeT3_21text_template_service3cli12read_limitedNtNvNtB4_5testss_52bounded_reads_reject_oversized_and_unreadable_inputs13FailingReaderEs_0B6_
FN:113,_RNCINvNtCsht7KGs6HeT3_21text_template_service3cli12read_limitedRShE0B6_
FN:120,_RNCINvNtCsht7KGs6HeT3_21text_template_service3cli12read_limitedRShEs_0B6_
FN:196,_RNCNCNvNtCsht7KGs6HeT3_21text_template_service3cli21logical_template_name00B7_
FN:124,_RNCNvNtCsht7KGs6HeT3_21text_template_service3cli11load_bundle0B5_
FN:30,_RNCNvNtCsht7KGs6HeT3_21text_template_service3cli14execute_render0B5_
FN:40,_RNCNvNtCsht7KGs6HeT3_21text_template_service3cli14execute_renders0_0B5_
FN:41,_RNCNvNtCsht7KGs6HeT3_21text_template_service3cli14execute_renders1_0B5_
FN:47,_RNCNvNtCsht7KGs6HeT3_21text_template_service3cli14execute_renders2_0B5_
FN:50,_RNCNvNtCsht7KGs6HeT3_21text_template_service3cli14execute_renders3_0B5_
FN:33,_RNCNvNtCsht7KGs6HeT3_21text_template_service3cli14execute_renders_0B5_
FN:151,_RNCNvNtCsht7KGs6HeT3_21text_template_service3cli20collect_bundle_files0B5_
FN:179,_RNCNvNtCsht7KGs6HeT3_21text_template_service3cli20collect_bundle_filess0_0B5_
FN:162,_RNCNvNtCsht7KGs6HeT3_21text_template_service3cli20collect_bundle_filess_0B5_
FN:192,_RNCNvNtCsht7KGs6HeT3_21text_template_service3cli21logical_template_name0B5_
FN:199,_RNCNvNtCsht7KGs6HeT3_21text_template_service3cli21logical_template_names_0B5_
FN:104,_RNCNvNtCsht7KGs6HeT3_21text_template_service3cli9read_text0B5_
FN:123,_RNvNtCsht7KGs6HeT3_21text_template_service3cli11load_bundle
FN:21,_RNvNtCsht7KGs6HeT3_21text_template_service3cli14execute_render
FN:202,_RNvNtCsht7KGs6HeT3_21text_template_service3cli15insert_template
FN:231,_RNvNtCsht7KGs6HeT3_21text_template_service3cli18escaped_path_error
FN:227,_RNvNtCsht7KGs6HeT3_21text_template_service3cli18inspect_path_error
FN:138,_RNvNtCsht7KGs6HeT3_21text_template_service3cli20collect_bundle_files
FN:216,_RNvNtCsht7KGs6HeT3_21text_template_service3cli20directory_read_error
FN:223,_RNvNtCsht7KGs6HeT3_21text_template_service3cli21directory_entry_error
FN:189,_RNvNtCsht7KGs6HeT3_21text_template_service3cli21logical_template_name
FN:98,_RNvNtCsht7KGs6HeT3_21text_template_service3cli9read_text
FNDA:2,_RNvNtCs2CQhemLciWG_21text_template_service3cli11load_bundle
FNDA:3,_RNvNtCs2CQhemLciWG_21text_template_service3cli13write_openapi
FNDA:7,_RNvNtCs2CQhemLciWG_21text_template_service3cli13write_problem
FNDA:12,_RNvNtCs2CQhemLciWG_21text_template_service3cli14execute_render
FNDA:3,_RNvNtCs2CQhemLciWG_21text_template_service3cli15insert_template
FNDA:0,_RNvNtCs2CQhemLciWG_21text_template_service3cli18escaped_path_error
FNDA:0,_RNvNtCs2CQhemLciWG_21text_template_service3cli18inspect_path_error
FNDA:2,_RNvNtCs2CQhemLciWG_21text_template_service3cli20collect_bundle_files
FNDA:0,_RNvNtCs2CQhemLciWG_21text_template_service3cli20directory_read_error
FNDA:0,_RNvNtCs2CQhemLciWG_21text_template_service3cli21directory_entry_error
FNDA:3,_RNvNtCs2CQhemLciWG_21text_template_service3cli21logical_template_name
FNDA:20,_RNvNtCs2CQhemLciWG_21text_template_service3cli9read_text
FNDA:18,_RINvNtCs2CQhemLciWG_21text_template_service3cli12read_limitedNtNtCs2AWtUsOyxgP_3std2fs4FileEB4_
FNDA:2,_RINvNtCs2CQhemLciWG_21text_template_service3cli12read_limitedNtNtNtCs2AWtUsOyxgP_3std2io5stdio9StdinLockEB4_
FNDA:0,_RNCINvNtCs2CQhemLciWG_21text_template_service3cli12read_limitedNtNtCs2AWtUsOyxgP_3std2fs4FileE0B6_
FNDA:0,_RNCINvNtCs2CQhemLciWG_21text_template_service3cli12read_limitedNtNtCs2AWtUsOyxgP_3std2fs4FileEs_0B6_
FNDA:0,_RNCINvNtCs2CQhemLciWG_21text_template_service3cli12read_limitedNtNtNtCs2AWtUsOyxgP_3std2io5stdio9StdinLockE0B6_
FNDA:0,_RNCINvNtCs2CQhemLciWG_21text_template_service3cli12read_limitedNtNtNtCs2AWtUsOyxgP_3std2io5stdio9StdinLockEs_0B6_
FNDA:0,_RNCNCNvNtCs2CQhemLciWG_21text_template_service3cli21logical_template_name00B7_
FNDA:0,_RNCNvNtCs2CQhemLciWG_21text_template_service3cli11load_bundle0B5_
FNDA:0,_RNCNvNtCs2CQhemLciWG_21text_template_service3cli13write_problem0B5_
FNDA:1,_RNCNvNtCs2CQhemLciWG_21text_template_service3cli14execute_render0B5_
FNDA:5,_RNCNvNtCs2CQhemLciWG_21text_template_service3cli14execute_renders0_0B5_
FNDA:5,_RNCNvNtCs2CQhemLciWG_21text_template_service3cli14execute_renders1_0B5_
FNDA:0,_RNCNvNtCs2CQhemLciWG_21text_template_service3cli14execute_renders2_0B5_
FNDA:0,_RNCNvNtCs2CQhemLciWG_21text_template_service3cli14execute_renders3_0B5_
FNDA:1,_RNCNvNtCs2CQhemLciWG_21text_template_service3cli14execute_renders_0B5_
FNDA:0,_RNCNvNtCs2CQhemLciWG_21text_template_service3cli20collect_bundle_files0B5_
FNDA:0,_RNCNvNtCs2CQhemLciWG_21text_template_service3cli20collect_bundle_filess0_0B5_
FNDA:0,_RNCNvNtCs2CQhemLciWG_21text_template_service3cli20collect_bundle_filess_0B5_
FNDA:4,_RNCNvNtCs2CQhemLciWG_21text_template_service3cli21logical_template_name0B5_
FNDA:3,_RNCNvNtCs2CQhemLciWG_21text_template_service3cli21logical_template_names_0B5_
FNDA:0,_RNCNvNtCs2CQhemLciWG_21text_template_service3cli9read_text0B5_
FNDA:0,_RNCNvNtCsht7KGs6HeT3_21text_template_service3cli13write_problem0B5_
FNDA:0,_RNvNtCsht7KGs6HeT3_21text_template_service3cli13write_openapi
FNDA:0,_RNvNtCsht7KGs6HeT3_21text_template_service3cli13write_problem
FNDA:3,_RNvNtNtCsht7KGs6HeT3_21text_template_service3cli5tests11render_args
FNDA:1,_RNvNtNtCsht7KGs6HeT3_21text_template_service3cli5testss_19parses_cli_defaults
FNDA:1,_RNvNtNtCsht7KGs6HeT3_21text_template_service3cli5testss_29rejects_non_utf8_bundle_files
FNDA:1,_RNvNtNtCsht7KGs6HeT3_21text_template_service3cli5testss_29rejects_non_utf8_bundle_paths
FNDA:1,_RNvNtNtCsht7KGs6HeT3_21text_template_service3cli5testss_33rejects_a_file_as_the_bundle_root
FNDA:1,_RNvNtNtCsht7KGs6HeT3_21text_template_service3cli5testss_34formats_low_level_bundle_io_errors
FNDA:1,_RNvNtNtCsht7KGs6HeT3_21text_template_service3cli5testss_34ignores_non_file_directory_entries
FNDA:1,_RNvNtNtCsht7KGs6HeT3_21text_template_service3cli5testss_36duplicate_logical_names_are_rejected
FNDA:1,_RNvNtNtCsht7KGs6HeT3_21text_template_service3cli5testss_37reports_missing_files_and_directories
FNDA:1,_RNvNtNtCsht7KGs6HeT3_21text_template_service3cli5testss_38rejects_symlinks_in_bundle_directories
FNDA:1,_RNvNtNtCsht7KGs6HeT3_21text_template_service3cli5testss_49bundle_loading_enforces_file_and_directory_limits
FNDA:1,_RNvNtNtCsht7KGs6HeT3_21text_template_service3cli5testss_52bounded_reads_reject_oversized_and_unreadable_inputs
FNDA:1,_RNvNtNtCsht7KGs6HeT3_21text_template_service3cli5testss_52bundle_name_limits_share_the_renderer_error_contract
FNDA:1,_RNvNtNtCsht7KGs6HeT3_21text_template_service3cli5testss_63execute_render_requires_a_template_source_and_bundle_entrypoint
FNDA:1,_RNvXNvNtNtCsht7KGs6HeT3_21text_template_service3cli5testss_52bounded_reads_reject_oversized_and_unreadable_inputsNtB2_13FailingReaderNtNtCs2AWtUsOyxgP_3std2io4Read4read
FNDA:3,_RNCNvNtNtCsht7KGs6HeT3_21text_template_service3cli5testss_34formats_low_level_bundle_io_errors0B7_
FNDA:7,_RINvNtCsht7KGs6HeT3_21text_template_service3cli12read_limitedNtNtCs2AWtUsOyxgP_3std2fs4FileEB4_
FNDA:0,_RINvNtCsht7KGs6HeT3_21text_template_service3cli12read_limitedNtNtNtCs2AWtUsOyxgP_3std2io5stdio9StdinLockEB4_
FNDA:1,_RINvNtCsht7KGs6HeT3_21text_template_service3cli12read_limitedNtNvNtB2_5testss_52bounded_reads_reject_oversized_and_unreadable_inputs13FailingReaderEB4_
FNDA:2,_RINvNtCsht7KGs6HeT3_21text_template_service3cli12read_limitedRShEB4_
FNDA:0,_RNCINvNtCsht7KGs6HeT3_21text_template_service3cli12read_limitedNtNtCs2AWtUsOyxgP_3std2fs4FileE0B6_
FNDA:1,_RNCINvNtCsht7KGs6HeT3_21text_template_service3cli12read_limitedNtNtCs2AWtUsOyxgP_3std2fs4FileEs_0B6_
FNDA:0,_RNCINvNtCsht7KGs6HeT3_21text_template_service3cli12read_limitedNtNtNtCs2AWtUsOyxgP_3std2io5stdio9StdinLockE0B6_
FNDA:0,_RNCINvNtCsht7KGs6HeT3_21text_template_service3cli12read_limitedNtNtNtCs2AWtUsOyxgP_3std2io5stdio9StdinLockEs_0B6_
FNDA:1,_RNCINvNtCsht7KGs6HeT3_21text_template_service3cli12read_limitedNtNvNtB4_5testss_52bounded_reads_reject_oversized_and_unreadable_inputs13FailingReaderE0B6_
FNDA:0,_RNCINvNtCsht7KGs6HeT3_21text_template_service3cli12read_limitedNtNvNtB4_5testss_52bounded_reads_reject_oversized_and_unreadable_inputs13FailingReaderEs_0B6_
FNDA:0,_RNCINvNtCsht7KGs6HeT3_21text_template_service3cli12read_limitedRShE0B6_
FNDA:1,_RNCINvNtCsht7KGs6HeT3_21text_template_service3cli12read_limitedRShEs_0B6_
FNDA:1,_RNCNCNvNtCsht7KGs6HeT3_21text_template_service3cli21logical_template_name00B7_
FNDA:1,_RNCNvNtCsht7KGs6HeT3_21text_template_service3cli11load_bundle0B5_
FNDA:0,_RNCNvNtCsht7KGs6HeT3_21text_template_service3cli14execute_render0B5_
FNDA:0,_RNCNvNtCsht7KGs6HeT3_21text_template_service3cli14execute_renders0_0B5_
FNDA:0,_RNCNvNtCsht7KGs6HeT3_21text_template_service3cli14execute_renders1_0B5_
FNDA:1,_RNCNvNtCsht7KGs6HeT3_21text_template_service3cli14execute_renders2_0B5_
FNDA:1,_RNCNvNtCsht7KGs6HeT3_21text_template_service3cli14execute_renders3_0B5_
FNDA:0,_RNCNvNtCsht7KGs6HeT3_21text_template_service3cli14execute_renders_0B5_
FNDA:0,_RNCNvNtCsht7KGs6HeT3_21text_template_service3cli20collect_bundle_files0B5_
FNDA:0,_RNCNvNtCsht7KGs6HeT3_21text_template_service3cli20collect_bundle_filess0_0B5_
FNDA:0,_RNCNvNtCsht7KGs6HeT3_21text_template_service3cli20collect_bundle_filess_0B5_
FNDA:5,_RNCNvNtCsht7KGs6HeT3_21text_template_service3cli21logical_template_name0B5_
FNDA:4,_RNCNvNtCsht7KGs6HeT3_21text_template_service3cli21logical_template_names_0B5_
FNDA:1,_RNCNvNtCsht7KGs6HeT3_21text_template_service3cli9read_text0B5_
FNDA:8,_RNvNtCsht7KGs6HeT3_21text_template_service3cli11load_bundle
FNDA:3,_RNvNtCsht7KGs6HeT3_21text_template_service3cli14execute_render
FNDA:5,_RNvNtCsht7KGs6HeT3_21text_template_service3cli15insert_template
FNDA:1,_RNvNtCsht7KGs6HeT3_21text_template_service3cli18escaped_path_error
FNDA:1,_RNvNtCsht7KGs6HeT3_21text_template_service3cli18inspect_path_error
FNDA:6,_RNvNtCsht7KGs6HeT3_21text_template_service3cli20collect_bundle_files
FNDA:1,_RNvNtCsht7KGs6HeT3_21text_template_service3cli20directory_read_error
FNDA:1,_RNvNtCsht7KGs6HeT3_21text_template_service3cli21directory_entry_error
FNDA:5,_RNvNtCsht7KGs6HeT3_21text_template_service3cli21logical_template_name
FNDA:8,_RNvNtCsht7KGs6HeT3_21text_template_service3cli9read_text
FNF:46
FNH:42
DA:21,15
DA:22,15
DA:23,1
DA:24,1
DA:25,1
DA:26,14
DA:28,14
DA:29,13
DA:30,13
DA:31,12
DA:32,12
DA:33,12
DA:35,11
DA:37,6
DA:38,5
DA:39,5
DA:40,5
DA:41,5
DA:42,5
DA:45,5
DA:46,5
DA:47,5
DA:48,4
DA:49,4
DA:50,4
DA:52,3
DA:53,3
DA:57,7
DA:58,7
DA:59,7
DA:61,7
DA:62,6
DA:63,1
DA:65,7
DA:66,6
DA:67,1
DA:69,7
DA:72,7
DA:73,15
DA:75,3
DA:76,3
DA:77,3
DA:78,3
DA:79,3
DA:80,3
DA:81,1
DA:82,2
DA:84,3
DA:85,2
DA:86,1
DA:87,1
DA:88,1
DA:89,2
DA:90,3
DA:92,7
DA:93,7
DA:94,7
DA:95,7
DA:96,7
DA:98,28
DA:99,28
DA:100,2
DA:101,26
DA:102,26
DA:103,26
DA:104,26
DA:105,25
DA:106,28
DA:108,30
DA:109,30
DA:110,30
DA:111,30
DA:112,30
DA:113,30
DA:114,29
DA:115,3
DA:116,3
DA:117,3
DA:118,26
DA:119,26
DA:120,26
DA:121,30
DA:123,10
DA:124,10
DA:125,1
DA:127,1
DA:129,1
DA:130,9
DA:131,1
DA:132,8
DA:133,8
DA:134,8
DA:135,3
DA:136,10
DA:138,8
DA:139,8
DA:140,8
DA:141,8
DA:142,8
DA:143,8
DA:144,8
DA:145,8
DA:146,8
DA:147,8
DA:148,8
DA:149,15
DA:150,12
DA:151,12
DA:152,16
DA:153,16
DA:154,16
DA:155,16
DA:156,1
DA:157,1
DA:158,1
DA:159,15
DA:160,15
DA:161,15
DA:162,15
DA:163,15
DA:164,1
DA:165,1
DA:166,1
DA:167,1
DA:168,14
DA:169,14
DA:170,4
DA:171,10
DA:172,9
DA:173,2
DA:174,2
DA:175,2
DA:176,2
DA:177,7
DA:178,7
DA:179,7
DA:180,7
DA:181,7
DA:182,6
DA:183,1
DA:186,3
DA:187,8
DA:189,8
DA:190,8
DA:191,8
DA:192,9
DA:193,9
DA:194,9
DA:195,9
DA:196,9
DA:197,9
DA:198,8
DA:199,8
DA:200,8
DA:202,8
DA:203,8
DA:204,8
DA:205,8
DA:206,8
DA:207,8
DA:208,1
DA:209,1
DA:210,1
DA:211,7
DA:212,7
DA:213,7
DA:214,8
DA:216,1
DA:217,1
DA:219,1
DA:221,1
DA:223,1
DA:224,1
DA:225,1
DA:227,1
DA:228,1
DA:229,1
DA:231,1
DA:232,1
DA:233,1
DA:248,3
DA:249,3
DA:250,3
DA:251,3
DA:252,3
DA:253,3
DA:254,3
DA:255,3
DA:256,3
DA:257,3
DA:258,3
DA:261,1
DA:262,1
DA:263,1
DA:264,1
DA:265,1
DA:266,1
DA:267,1
DA:268,1
DA:269,1
DA:270,1
DA:271,1
DA:272,1
DA:273,1
DA:274,1
DA:275,1
DA:276,1
DA:279,1
DA:280,1
DA:281,1
DA:283,1
DA:284,1
DA:285,1
DA:286,1
DA:287,1
DA:288,1
DA:289,1
DA:290,1
DA:291,1
DA:294,1
DA:295,1
DA:296,1
DA:297,1
DA:299,1
DA:300,1
DA:303,1
DA:306,1
DA:307,1
DA:308,1
DA:309,1
DA:311,1
DA:312,1
DA:314,1
DA:315,1
DA:316,1
DA:317,1
DA:318,1
DA:321,1
DA:322,1
DA:323,1
DA:325,1
DA:326,1
DA:327,1
DA:328,1
DA:329,1
DA:332,1
DA:333,3
DA:334,1
DA:335,1
DA:336,1
DA:337,1
DA:339,1
DA:340,1
DA:341,1
DA:342,1
DA:343,1
DA:344,1
DA:345,1
DA:347,1
DA:348,1
DA:351,1
DA:355,1
DA:358,1
DA:359,1
DA:361,1
DA:362,1
DA:363,1
DA:364,1
DA:368,1
DA:371,1
DA:372,1
DA:373,1
DA:374,1
DA:376,1
DA:377,1
DA:378,1
DA:379,1
DA:380,1
DA:383,1
DA:384,1
DA:385,1
DA:386,1
DA:390,1
DA:391,1
DA:392,1
DA:393,1
DA:397,1
DA:398,1
DA:399,1
DA:401,1
DA:402,1
DA:403,1
DA:404,1
DA:405,1
DA:408,1
DA:409,1
DA:410,1
DA:411,1
DA:412,1
DA:413,1
DA:414,1
DA:415,1
DA:416,1
DA:417,1
DA:418,1
DA:419,1
DA:421,1
DA:422,1
DA:423,1
DA:424,1
DA:425,1
DA:426,1
DA:427,1
DA:428,1
DA:429,1
DA:430,1
DA:431,1
DA:434,1
DA:435,1
DA:436,1
DA:437,1
DA:438,1
DA:439,1
DA:440,1
DA:441,1
DA:442,1
DA:443,1
DA:444,1
DA:445,1
DA:447,1
DA:449,1
DA:450,1
DA:451,1
DA:454,1
DA:455,1
DA:456,1
DA:457,1
DA:458,1
DA:459,1
DA:460,1
DA:461,1
DA:463,1
DA:467,1
DA:470,1
DA:471,1
DA:472,1
DA:473,1
DA:474,1
DA:475,1
BRF:0
BRH:0
LF:368
LH:364
end_of_record
SF:/home/plc/workspace/ALADIN-Functions/services/text-template-service/src/config.rs
FN:87,_RINvNtCs2CQhemLciWG_21text_template_service6config8read_envjEB4_
FN:87,_RINvNtCs2CQhemLciWG_21text_template_service6config8read_envyEB4_
FN:95,_RNCINvNtCs2CQhemLciWG_21text_template_service6config8read_envjE0B6_
FN:95,_RNCINvNtCs2CQhemLciWG_21text_template_service6config8read_envyE0B6_
FN:46,_RNvMs_NtCs2CQhemLciWG_21text_template_service6configNtB4_6Limits8from_env
FN:29,_RNvXNtCs2CQhemLciWG_21text_template_service6configNtB2_6LimitsNtNtCs4NRVxsYgnAr_4core7default7Default7default
FN:125,_RNvXNtNtCsht7KGs6HeT3_21text_template_service6config5testsNtB2_10EnvCleanupNtNtNtCs4NRVxsYgnAr_4core3ops4drop4Drop4drop
FN:46,_RNvMs_NtCsht7KGs6HeT3_21text_template_service6configNtB4_6Limits8from_env
FN:29,_RNvXNtCsht7KGs6HeT3_21text_template_service6configNtB2_6LimitsNtNtCs4NRVxsYgnAr_4core7default7Default7default
FN:87,_RINvNtCsht7KGs6HeT3_21text_template_service6config8read_envjEB4_
FN:87,_RINvNtCsht7KGs6HeT3_21text_template_service6config8read_envyEB4_
FN:95,_RNCINvNtCsht7KGs6HeT3_21text_template_service6config8read_envjE0B6_
FN:95,_RNCINvNtCsht7KGs6HeT3_21text_template_service6config8read_envyE0B6_
FN:179,_RNvNtNtCsht7KGs6HeT3_21text_template_service6config5testss_26rejects_non_unicode_values
FN:155,_RNvNtNtCsht7KGs6HeT3_21text_template_service6config5testss_30rejects_invalid_numeric_values
FN:167,_RNvNtNtCsht7KGs6HeT3_21text_template_service6config5testss_31rejects_zero_render_concurrency
FN:133,_RNvNtNtCsht7KGs6HeT3_21text_template_service6config5testss_38reads_every_limit_from_the_environment
FNDA:143,_RINvNtCs2CQhemLciWG_21text_template_service6config8read_envjEB4_
FNDA:35,_RINvNtCs2CQhemLciWG_21text_template_service6config8read_envyEB4_
FNDA:0,_RNCINvNtCs2CQhemLciWG_21text_template_service6config8read_envjE0B6_
FNDA:1,_RNCINvNtCs2CQhemLciWG_21text_template_service6config8read_envyE0B6_
FNDA:18,_RNvMs_NtCs2CQhemLciWG_21text_template_service6configNtB4_6Limits8from_env
FNDA:52,_RNvXNtCs2CQhemLciWG_21text_template_service6configNtB2_6LimitsNtNtCs4NRVxsYgnAr_4core7default7Default7default
FNDA:4,_RNvXNtNtCsht7KGs6HeT3_21text_template_service6config5testsNtB2_10EnvCleanupNtNtNtCs4NRVxsYgnAr_4core3ops4drop4Drop4drop
FNDA:13,_RNvMs_NtCsht7KGs6HeT3_21text_template_service6configNtB4_6Limits8from_env
FNDA:26,_RNvXNtCsht7KGs6HeT3_21text_template_service6configNtB2_6LimitsNtNtCs4NRVxsYgnAr_4core7default7Default7default
FNDA:68,_RINvNtCsht7KGs6HeT3_21text_template_service6config8read_envjEB4_
FNDA:8,_RINvNtCsht7KGs6HeT3_21text_template_service6config8read_envyEB4_
FNDA:8,_RNCINvNtCsht7KGs6HeT3_21text_template_service6config8read_envjE0B6_
FNDA:2,_RNCINvNtCsht7KGs6HeT3_21text_template_service6config8read_envyE0B6_
FNDA:1,_RNvNtNtCsht7KGs6HeT3_21text_template_service6config5testss_26rejects_non_unicode_values
FNDA:1,_RNvNtNtCsht7KGs6HeT3_21text_template_service6config5testss_30rejects_invalid_numeric_values
FNDA:1,_RNvNtNtCsht7KGs6HeT3_21text_template_service6config5testss_31rejects_zero_render_concurrency
FNDA:1,_RNvNtNtCsht7KGs6HeT3_21text_template_service6config5testss_38reads_every_limit_from_the_environment
FNF:9
FNH:9
DA:29,78
DA:30,78
DA:31,78
DA:32,78
DA:33,78
DA:34,78
DA:35,78
DA:36,78
DA:37,78
DA:38,78
DA:39,78
DA:40,78
DA:41,78
DA:42,78
DA:46,31
DA:47,31
DA:48,31
DA:49,31
DA:50,31
DA:51,1
DA:52,30
DA:53,1
DA:54,1
DA:55,1
DA:56,29
DA:58,29
DA:59,28
DA:60,28
DA:61,28
DA:62,1
DA:63,27
DA:64,27
DA:65,27
DA:66,1
DA:67,26
DA:68,26
DA:69,26
DA:70,1
DA:71,25
DA:72,25
DA:73,25
DA:74,1
DA:75,24
DA:76,24
DA:77,24
DA:78,24
DA:79,1
DA:80,23
DA:81,21
DA:82,20
DA:84,31
DA:87,254
DA:88,254
DA:89,254
DA:90,254
DA:92,254
DA:93,25
DA:94,25
DA:95,25
DA:96,228
DA:97,1
DA:99,254
DA:125,4
DA:126,40
DA:127,40
DA:128,40
DA:129,4
DA:133,1
DA:134,1
DA:135,1
DA:136,10
DA:137,10
DA:138,10
DA:140,1
DA:142,1
DA:143,1
DA:144,1
DA:145,1
DA:146,1
DA:147,1
DA:148,1
DA:149,1
DA:150,1
DA:151,1
DA:152,1
DA:155,1
DA:156,1
DA:157,1
DA:158,10
DA:159,10
DA:160,10
DA:161,10
DA:162,10
DA:164,1
DA:167,1
DA:168,1
DA:169,1
DA:170,1
DA:172,1
DA:174,1
DA:175,1
DA:179,1
DA:182,1
DA:183,1
DA:184,1
DA:186,1
DA:188,1
DA:189,1
BRF:0
BRH:0
LF:109
LH:109
end_of_record
SF:/home/plc/workspace/ALADIN-Functions/services/text-template-service/src/error.rs
FN:103,_RNvMNtCs2CQhemLciWG_21text_template_service5errorNtB2_12ServiceError13with_location
FN:109,_RNvMNtCs2CQhemLciWG_21text_template_service5errorNtB2_12ServiceError7problem
FN:130,_RNvXs1_NtCs2CQhemLciWG_21text_template_service5errorNtB5_12ServiceErrorNtNtNtCsgE9BfASh0cq_9axum_core8response13into_response12IntoResponse13into_response
FN:122,_RNvXs_NtCs2CQhemLciWG_21text_template_service5errorNtB4_12ServiceErrorNtNtCs4NRVxsYgnAr_4core3fmt7Display3fmt
FN:69,_RINvMNtCs2CQhemLciWG_21text_template_service5errorNtB3_12ServiceError11unavailableReEB5_
FN:60,_RINvMNtCs2CQhemLciWG_21text_template_service5errorNtB3_12ServiceError14not_acceptableReEB5_
FN:42,_RINvMNtCs2CQhemLciWG_21text_template_service5errorNtB3_12ServiceError14resource_limitNtNtCscdodAO9FK5_5alloc6string6StringEB5_
FN:42,_RINvMNtCs2CQhemLciWG_21text_template_service5errorNtB3_12ServiceError14resource_limitReEB5_
FN:51,_RINvMNtCs2CQhemLciWG_21text_template_service5errorNtB3_12ServiceError17payload_too_largeNtNtCscdodAO9FK5_5alloc6string6StringEB5_
FN:87,_RINvMNtCs2CQhemLciWG_21text_template_service5errorNtB3_12ServiceError3newNtNtCscdodAO9FK5_5alloc6string6StringEB5_
FN:87,_RINvMNtCs2CQhemLciWG_21text_template_service5errorNtB3_12ServiceError3newReEB5_
FN:33,_RINvMNtCs2CQhemLciWG_21text_template_service5errorNtB3_12ServiceError7invalidNtNtCscdodAO9FK5_5alloc6string6StringEB5_
FN:33,_RINvMNtCs2CQhemLciWG_21text_template_service5errorNtB3_12ServiceError7invalidReEB5_
FN:78,_RINvMNtCs2CQhemLciWG_21text_template_service5errorNtB3_12ServiceError8internalReEB5_
FN:109,_RNvMNtCsht7KGs6HeT3_21text_template_service5errorNtB2_12ServiceError7problem
FN:130,_RNvXs1_NtCsht7KGs6HeT3_21text_template_service5errorNtB5_12ServiceErrorNtNtNtCsgE9BfASh0cq_9axum_core8response13into_response12IntoResponse13into_response
FN:145,_RNvNtNtCsht7KGs6HeT3_21text_template_service5error5testss_46internal_errors_have_a_stable_display_contract
FN:69,_RINvMNtCsht7KGs6HeT3_21text_template_service5errorNtB3_12ServiceError11unavailableReEB5_
FN:60,_RINvMNtCsht7KGs6HeT3_21text_template_service5errorNtB3_12ServiceError14not_acceptableReEB5_
FN:42,_RINvMNtCsht7KGs6HeT3_21text_template_service5errorNtB3_12ServiceError14resource_limitNtNtCscdodAO9FK5_5alloc6string6StringEB5_
FN:42,_RINvMNtCsht7KGs6HeT3_21text_template_service5errorNtB3_12ServiceError14resource_limitReEB5_
FN:51,_RINvMNtCsht7KGs6HeT3_21text_template_service5errorNtB3_12ServiceError17payload_too_largeNtNtCscdodAO9FK5_5alloc6string6StringEB5_
FN:87,_RINvMNtCsht7KGs6HeT3_21text_template_service5errorNtB3_12ServiceError3newNtNtCscdodAO9FK5_5alloc6string6StringEB5_
FN:87,_RINvMNtCsht7KGs6HeT3_21text_template_service5errorNtB3_12ServiceError3newReEB5_
FN:33,_RINvMNtCsht7KGs6HeT3_21text_template_service5errorNtB3_12ServiceError7invalidNtNtCscdodAO9FK5_5alloc6string6StringEB5_
FN:33,_RINvMNtCsht7KGs6HeT3_21text_template_service5errorNtB3_12ServiceError7invalidReEB5_
FN:78,_RINvMNtCsht7KGs6HeT3_21text_template_service5errorNtB3_12ServiceError8internalReEB5_
FN:103,_RNvMNtCsht7KGs6HeT3_21text_template_service5errorNtB2_12ServiceError13with_location
FN:122,_RNvXs_NtCsht7KGs6HeT3_21text_template_service5errorNtB4_12ServiceErrorNtNtCs4NRVxsYgnAr_4core3fmt7Display3fmt
FNDA:7,_RNvMNtCs2CQhemLciWG_21text_template_service5errorNtB2_12ServiceError13with_location
FNDA:14,_RNvMNtCs2CQhemLciWG_21text_template_service5errorNtB2_12ServiceError7problem
FNDA:7,_RNvXs1_NtCs2CQhemLciWG_21text_template_service5errorNtB5_12ServiceErrorNtNtNtCsgE9BfASh0cq_9axum_core8response13into_response12IntoResponse13into_response
FNDA:0,_RNvXs_NtCs2CQhemLciWG_21text_template_service5errorNtB4_12ServiceErrorNtNtCs4NRVxsYgnAr_4core3fmt7Display3fmt
FNDA:1,_RINvMNtCs2CQhemLciWG_21text_template_service5errorNtB3_12ServiceError11unavailableReEB5_
FNDA:1,_RINvMNtCs2CQhemLciWG_21text_template_service5errorNtB3_12ServiceError14not_acceptableReEB5_
FNDA:1,_RINvMNtCs2CQhemLciWG_21text_template_service5errorNtB3_12ServiceError14resource_limitNtNtCscdodAO9FK5_5alloc6string6StringEB5_
FNDA:0,_RINvMNtCs2CQhemLciWG_21text_template_service5errorNtB3_12ServiceError14resource_limitReEB5_
FNDA:8,_RINvMNtCs2CQhemLciWG_21text_template_service5errorNtB3_12ServiceError17payload_too_largeNtNtCscdodAO9FK5_5alloc6string6StringEB5_
FNDA:21,_RINvMNtCs2CQhemLciWG_21text_template_service5errorNtB3_12ServiceError3newNtNtCscdodAO9FK5_5alloc6string6StringEB5_
FNDA:8,_RINvMNtCs2CQhemLciWG_21text_template_service5errorNtB3_12ServiceError3newReEB5_
FNDA:4,_RINvMNtCs2CQhemLciWG_21text_template_service5errorNtB3_12ServiceError7invalidNtNtCscdodAO9FK5_5alloc6string6StringEB5_
FNDA:6,_RINvMNtCs2CQhemLciWG_21text_template_service5errorNtB3_12ServiceError7invalidReEB5_
FNDA:0,_RINvMNtCs2CQhemLciWG_21text_template_service5errorNtB3_12ServiceError8internalReEB5_
FNDA:0,_RNvMNtCsht7KGs6HeT3_21text_template_service5errorNtB2_12ServiceError7problem
FNDA:0,_RNvXs1_NtCsht7KGs6HeT3_21text_template_service5errorNtB5_12ServiceErrorNtNtNtCsgE9BfASh0cq_9axum_core8response13into_response12IntoResponse13into_response
FNDA:1,_RNvNtNtCsht7KGs6HeT3_21text_template_service5error5testss_46internal_errors_have_a_stable_display_contract
FNDA:0,_RINvMNtCsht7KGs6HeT3_21text_template_service5errorNtB3_12ServiceError11unavailableReEB5_
FNDA:5,_RINvMNtCsht7KGs6HeT3_21text_template_service5errorNtB3_12ServiceError14not_acceptableReEB5_
FNDA:0,_RINvMNtCsht7KGs6HeT3_21text_template_service5errorNtB3_12ServiceError14resource_limitNtNtCscdodAO9FK5_5alloc6string6StringEB5_
FNDA:1,_RINvMNtCsht7KGs6HeT3_21text_template_service5errorNtB3_12ServiceError14resource_limitReEB5_
FNDA:3,_RINvMNtCsht7KGs6HeT3_21text_template_service5errorNtB3_12ServiceError17payload_too_largeNtNtCscdodAO9FK5_5alloc6string6StringEB5_
FNDA:16,_RINvMNtCsht7KGs6HeT3_21text_template_service5errorNtB3_12ServiceError3newNtNtCscdodAO9FK5_5alloc6string6StringEB5_
FNDA:14,_RINvMNtCsht7KGs6HeT3_21text_template_service5errorNtB3_12ServiceError3newReEB5_
FNDA:11,_RINvMNtCsht7KGs6HeT3_21text_template_service5errorNtB3_12ServiceError7invalidNtNtCscdodAO9FK5_5alloc6string6StringEB5_
FNDA:6,_RINvMNtCsht7KGs6HeT3_21text_template_service5errorNtB3_12ServiceError7invalidReEB5_
FNDA:2,_RINvMNtCsht7KGs6HeT3_21text_template_service5errorNtB3_12ServiceError8internalReEB5_
FNDA:2,_RNvMNtCsht7KGs6HeT3_21text_template_service5errorNtB2_12ServiceError13with_location
FNDA:1,_RNvXs_NtCsht7KGs6HeT3_21text_template_service5errorNtB4_12ServiceErrorNtNtCs4NRVxsYgnAr_4core3fmt7Display3fmt
FNF:12
FNH:12
DA:33,27
DA:34,27
DA:38,27
DA:40,27
DA:42,2
DA:43,2
DA:47,2
DA:49,2
DA:51,11
DA:52,11
DA:56,11
DA:58,11
DA:60,6
DA:61,6
DA:65,6
DA:67,6
DA:69,1
DA:70,1
DA:74,1
DA:76,1
DA:78,2
DA:79,2
DA:83,2
DA:85,2
DA:87,59
DA:88,59
DA:89,59
DA:90,59
DA:91,59
DA:92,59
DA:93,59
DA:94,59
DA:95,59
DA:96,59
DA:97,59
DA:98,59
DA:99,59
DA:100,59
DA:101,59
DA:103,9
DA:104,9
DA:105,9
DA:106,9
DA:107,9
DA:109,14
DA:110,14
DA:111,14
DA:112,14
DA:113,14
DA:114,14
DA:115,14
DA:116,14
DA:117,14
DA:118,14
DA:122,1
DA:123,1
DA:124,1
DA:130,7
DA:131,7
DA:132,7
DA:133,7
DA:134,7
DA:136,7
DA:137,7
DA:145,1
DA:146,1
DA:148,1
DA:149,1
DA:150,1
BRF:0
BRH:0
LF:69
LH:69
end_of_record
SF:/home/plc/workspace/ALADIN-Functions/services/text-template-service/src/model.rs
FN:37,_RNvNtCs2CQhemLciWG_21text_template_service5model29default_keep_trailing_newline
FN:51,_RNvXNtCs2CQhemLciWG_21text_template_service5modelNtB2_13RenderOptionsNtNtCs4NRVxsYgnAr_4core7default7Default7default
FN:143,_RNvNtNtCsht7KGs6HeT3_21text_template_service5model5testss_35trailing_newline_default_is_enabled
FN:37,_RNvNtCsht7KGs6HeT3_21text_template_service5model29default_keep_trailing_newline
FN:51,_RNvXNtCsht7KGs6HeT3_21text_template_service5modelNtB2_13RenderOptionsNtNtCs4NRVxsYgnAr_4core7default7Default7default
FNDA:0,_RNvNtCs2CQhemLciWG_21text_template_service5model29default_keep_trailing_newline
FNDA:70,_RNvXNtCs2CQhemLciWG_21text_template_service5modelNtB2_13RenderOptionsNtNtCs4NRVxsYgnAr_4core7default7Default7default
FNDA:1,_RNvNtNtCsht7KGs6HeT3_21text_template_service5model5testss_35trailing_newline_default_is_enabled
FNDA:1,_RNvNtCsht7KGs6HeT3_21text_template_service5model29default_keep_trailing_newline
FNDA:2,_RNvXNtCsht7KGs6HeT3_21text_template_service5modelNtB2_13RenderOptionsNtNtCs4NRVxsYgnAr_4core7default7Default7default
FNF:3
FNH:3
DA:37,1
DA:38,1
DA:39,1
DA:51,72
DA:52,72
DA:53,72
DA:54,72
DA:55,72
DA:56,72
DA:57,72
DA:143,1
DA:144,1
DA:145,1
BRF:0
BRH:0
LF:13
LH:13
end_of_record
SF:/home/plc/workspace/ALADIN-Functions/services/text-template-service/src/openapi.rs
FN:54,_RNCNvXNtCs2CQhemLciWG_21text_template_service7openapiNtB4_27StrictTemplateSourceObjectsNtCsjP2YEgXTmuv_6utoipa6Modify6modify0B6_
FN:64,_RNvNtCs2CQhemLciWG_21text_template_service7openapi31tighten_template_source_variant
FN:50,_RNvXNtCs2CQhemLciWG_21text_template_service7openapiNtB2_27StrictTemplateSourceObjectsNtCsjP2YEgXTmuv_6utoipa6Modify6modify
FN:64,_RNvNtCsht7KGs6HeT3_21text_template_service7openapi31tighten_template_source_variant
FN:50,_RNvXNtCsht7KGs6HeT3_21text_template_service7openapiNtB2_27StrictTemplateSourceObjectsNtCsjP2YEgXTmuv_6utoipa6Modify6modify
FN:83,_RNvNtNtCsht7KGs6HeT3_21text_template_service7openapi5testss_55schema_modifier_handles_missing_and_referenced_variants
FN:54,_RNCNvXNtCsht7KGs6HeT3_21text_template_service7openapiNtB4_27StrictTemplateSourceObjectsNtCsjP2YEgXTmuv_6utoipa6Modify6modify0B6_
FNDA:5,_RNCNvXNtCs2CQhemLciWG_21text_template_service7openapiNtB4_27StrictTemplateSourceObjectsNtCsjP2YEgXTmuv_6utoipa6Modify6modify0B6_
FNDA:10,_RNvNtCs2CQhemLciWG_21text_template_service7openapi31tighten_template_source_variant
FNDA:5,_RNvXNtCs2CQhemLciWG_21text_template_service7openapiNtB2_27StrictTemplateSourceObjectsNtCsjP2YEgXTmuv_6utoipa6Modify6modify
FNDA:1,_RNvNtCsht7KGs6HeT3_21text_template_service7openapi31tighten_template_source_variant
FNDA:1,_RNvXNtCsht7KGs6HeT3_21text_template_service7openapiNtB2_27StrictTemplateSourceObjectsNtCsjP2YEgXTmuv_6utoipa6Modify6modify
FNDA:1,_RNvNtNtCsht7KGs6HeT3_21text_template_service7openapi5testss_55schema_modifier_handles_missing_and_referenced_variants
FNDA:0,_RNCNvXNtCsht7KGs6HeT3_21text_template_service7openapiNtB4_27StrictTemplateSourceObjectsNtCsjP2YEgXTmuv_6utoipa6Modify6modify0B6_
FNF:4
FNH:4
DA:50,6
DA:51,6
DA:52,6
DA:53,6
DA:54,6
DA:56,5
DA:57,10
DA:58,10
DA:59,10
DA:60,1
DA:61,6
DA:64,11
DA:65,10
DA:66,10
DA:67,10
DA:68,5
DA:69,5
DA:70,1
DA:71,11
DA:83,1
DA:84,1
DA:86,1
DA:87,1
DA:88,1
BRF:0
BRH:0
LF:25
LH:23
end_of_record
SF:/home/plc/workspace/ALADIN-Functions/services/text-template-service/src/renderer.rs
FN:239,_RNvMs0_NtCs2CQhemLciWG_21text_template_service8rendererNtB5_8CacheKey12from_request
FN:267,_RNvMs0_NtCs2CQhemLciWG_21text_template_service8rendererNtB5_8CacheKey14template_bytes
FN:274,_RNvMs0_NtCs2CQhemLciWG_21text_template_service8rendererNtB5_8CacheKey15retained_weight
FN:410,_RNvMs1_NtCs2CQhemLciWG_21text_template_service8rendererNtB5_13BoundedWriter3new
FN:177,_RNvMs_NtCs2CQhemLciWG_21text_template_service8rendererNtB4_13TemplateCache3get
FN:173,_RNvMs_NtCs2CQhemLciWG_21text_template_service8rendererNtB4_13TemplateCache3new
FN:182,_RNvMs_NtCs2CQhemLciWG_21text_template_service8rendererNtB4_13TemplateCache6insert
FN:214,_RNvNtCs2CQhemLciWG_21text_template_service8renderer10cache_lock
FN:109,_RNvNtCs2CQhemLciWG_21text_template_service8renderer11inline_name
FN:35,_RNvNtCs2CQhemLciWG_21text_template_service8renderer13render_cached
FN:113,_RNvNtCs2CQhemLciWG_21text_template_service8renderer14source_kind_of
FN:355,_RNvNtCs2CQhemLciWG_21text_template_service8renderer16map_engine_error
FN:280,_RNvNtCs2CQhemLciWG_21text_template_service8renderer16validate_request
FN:63,_RNvNtCs2CQhemLciWG_21text_template_service8renderer17build_environment
FN:323,_RNvNtCs2CQhemLciWG_21text_template_service8renderer17validate_template
FN:333,_RNvNtCs2CQhemLciWG_21text_template_service8renderer22validate_template_name
FN:29,_RNvNtCs2CQhemLciWG_21text_template_service8renderer6render
FN:120,_RNvNtCs2CQhemLciWG_21text_template_service8renderer7execute
FN:165,_RNvXNtCs2CQhemLciWG_21text_template_service8rendererNtB2_13TemplateCacheNtNtCs4NRVxsYgnAr_4core7default7Default7default
FN:429,_RNvXs2_NtCs2CQhemLciWG_21text_template_service8rendererNtB5_13BoundedWriterNtNtCs2AWtUsOyxgP_3std2io5Write5flush
FN:420,_RNvXs2_NtCs2CQhemLciWG_21text_template_service8rendererNtB5_13BoundedWriterNtNtCs2AWtUsOyxgP_3std2io5Write5write
FN:252,_RNCNvMs0_NtCs2CQhemLciWG_21text_template_service8rendererNtB7_8CacheKey12from_request0B9_
FN:270,_RNCNvMs0_NtCs2CQhemLciWG_21text_template_service8rendererNtB7_8CacheKey14template_bytes0B9_
FN:217,_RNCNvNtCs2CQhemLciWG_21text_template_service8renderer10cache_lock0B5_
FN:110,_RNCNvNtCs2CQhemLciWG_21text_template_service8renderer11inline_name0B5_
FN:346,_RNCNvNtCs2CQhemLciWG_21text_template_service8renderer22validate_template_name0B5_
FN:252,_RNCNvMs0_NtCsht7KGs6HeT3_21text_template_service8rendererNtB7_8CacheKey12from_request0B9_
FN:270,_RNCNvMs0_NtCsht7KGs6HeT3_21text_template_service8rendererNtB7_8CacheKey14template_bytes0B9_
FN:217,_RNCNvNtCsht7KGs6HeT3_21text_template_service8renderer10cache_lock0B5_
FN:110,_RNCNvNtCsht7KGs6HeT3_21text_template_service8renderer11inline_name0B5_
FN:346,_RNCNvNtCsht7KGs6HeT3_21text_template_service8renderer22validate_template_name0B5_
FN:457,_RNvNtNtCsht7KGs6HeT3_21text_template_service8renderer5testss_35bounded_writer_flushes_successfully
FN:446,_RNvNtNtCsht7KGs6HeT3_21text_template_service8renderer5testss_36maps_write_and_generic_engine_errors
FN:464,_RNvNtNtCsht7KGs6HeT3_21text_template_service8renderer5testss_37cached_render_matches_uncached_output
FN:488,_RNvNtNtCsht7KGs6HeT3_21text_template_service8renderer5testss_44cached_renders_do_not_mix_autoescape_options
FN:239,_RNvMs0_NtCsht7KGs6HeT3_21text_template_service8rendererNtB5_8CacheKey12from_request
FN:267,_RNvMs0_NtCsht7KGs6HeT3_21text_template_service8rendererNtB5_8CacheKey14template_bytes
FN:274,_RNvMs0_NtCsht7KGs6HeT3_21text_template_service8rendererNtB5_8CacheKey15retained_weight
FN:410,_RNvMs1_NtCsht7KGs6HeT3_21text_template_service8rendererNtB5_13BoundedWriter3new
FN:177,_RNvMs_NtCsht7KGs6HeT3_21text_template_service8rendererNtB4_13TemplateCache3get
FN:173,_RNvMs_NtCsht7KGs6HeT3_21text_template_service8rendererNtB4_13TemplateCache3new
FN:182,_RNvMs_NtCsht7KGs6HeT3_21text_template_service8rendererNtB4_13TemplateCache6insert
FN:214,_RNvNtCsht7KGs6HeT3_21text_template_service8renderer10cache_lock
FN:109,_RNvNtCsht7KGs6HeT3_21text_template_service8renderer11inline_name
FN:35,_RNvNtCsht7KGs6HeT3_21text_template_service8renderer13render_cached
FN:113,_RNvNtCsht7KGs6HeT3_21text_template_service8renderer14source_kind_of
FN:355,_RNvNtCsht7KGs6HeT3_21text_template_service8renderer16map_engine_error
FN:280,_RNvNtCsht7KGs6HeT3_21text_template_service8renderer16validate_request
FN:63,_RNvNtCsht7KGs6HeT3_21text_template_service8renderer17build_environment
FN:323,_RNvNtCsht7KGs6HeT3_21text_template_service8renderer17validate_template
FN:333,_RNvNtCsht7KGs6HeT3_21text_template_service8renderer22validate_template_name
FN:29,_RNvNtCsht7KGs6HeT3_21text_template_service8renderer6render
FN:120,_RNvNtCsht7KGs6HeT3_21text_template_service8renderer7execute
FN:165,_RNvXNtCsht7KGs6HeT3_21text_template_service8rendererNtB2_13TemplateCacheNtNtCs4NRVxsYgnAr_4core7default7Default7default
FN:429,_RNvXs2_NtCsht7KGs6HeT3_21text_template_service8rendererNtB5_13BoundedWriterNtNtCs2AWtUsOyxgP_3std2io5Write5flush
FN:420,_RNvXs2_NtCsht7KGs6HeT3_21text_template_service8rendererNtB5_13BoundedWriterNtNtCs2AWtUsOyxgP_3std2io5Write5write
FNDA:6,_RNvMs0_NtCs2CQhemLciWG_21text_template_service8rendererNtB5_8CacheKey12from_request
FNDA:5,_RNvMs0_NtCs2CQhemLciWG_21text_template_service8rendererNtB5_8CacheKey14template_bytes
FNDA:5,_RNvMs0_NtCs2CQhemLciWG_21text_template_service8rendererNtB5_8CacheKey15retained_weight
FNDA:18,_RNvMs1_NtCs2CQhemLciWG_21text_template_service8rendererNtB5_13BoundedWriter3new
FNDA:6,_RNvMs_NtCs2CQhemLciWG_21text_template_service8rendererNtB4_13TemplateCache3get
FNDA:16,_RNvMs_NtCs2CQhemLciWG_21text_template_service8rendererNtB4_13TemplateCache3new
FNDA:5,_RNvMs_NtCs2CQhemLciWG_21text_template_service8rendererNtB4_13TemplateCache6insert
FNDA:11,_RNvNtCs2CQhemLciWG_21text_template_service8renderer10cache_lock
FNDA:22,_RNvNtCs2CQhemLciWG_21text_template_service8renderer11inline_name
FNDA:6,_RNvNtCs2CQhemLciWG_21text_template_service8renderer13render_cached
FNDA:0,_RNvNtCs2CQhemLciWG_21text_template_service8renderer14source_kind_of
FNDA:7,_RNvNtCs2CQhemLciWG_21text_template_service8renderer16map_engine_error
FNDA:30,_RNvNtCs2CQhemLciWG_21text_template_service8renderer16validate_request
FNDA:21,_RNvNtCs2CQhemLciWG_21text_template_service8renderer17build_environment
FNDA:29,_RNvNtCs2CQhemLciWG_21text_template_service8renderer17validate_template
FNDA:26,_RNvNtCs2CQhemLciWG_21text_template_service8renderer22validate_template_name
FNDA:24,_RNvNtCs2CQhemLciWG_21text_template_service8renderer6render
FNDA:19,_RNvNtCs2CQhemLciWG_21text_template_service8renderer7execute
FNDA:16,_RNvXNtCs2CQhemLciWG_21text_template_service8rendererNtB2_13TemplateCacheNtNtCs4NRVxsYgnAr_4core7default7Default7default
FNDA:0,_RNvXs2_NtCs2CQhemLciWG_21text_template_service8rendererNtB5_13BoundedWriterNtNtCs2AWtUsOyxgP_3std2io5Write5flush
FNDA:51,_RNvXs2_NtCs2CQhemLciWG_21text_template_service8rendererNtB5_13BoundedWriterNtNtCs2AWtUsOyxgP_3std2io5Write5write
FNDA:0,_RNCNvMs0_NtCs2CQhemLciWG_21text_template_service8rendererNtB7_8CacheKey12from_request0B9_
FNDA:5,_RNCNvMs0_NtCs2CQhemLciWG_21text_template_service8rendererNtB7_8CacheKey14template_bytes0B9_
FNDA:0,_RNCNvNtCs2CQhemLciWG_21text_template_service8renderer10cache_lock0B5_
FNDA:17,_RNCNvNtCs2CQhemLciWG_21text_template_service8renderer11inline_name0B5_
FNDA:24,_RNCNvNtCs2CQhemLciWG_21text_template_service8renderer22validate_template_name0B5_
FNDA:0,_RNCNvMs0_NtCsht7KGs6HeT3_21text_template_service8rendererNtB7_8CacheKey12from_request0B9_
FNDA:3,_RNCNvMs0_NtCsht7KGs6HeT3_21text_template_service8rendererNtB7_8CacheKey14template_bytes0B9_
FNDA:0,_RNCNvNtCsht7KGs6HeT3_21text_template_service8renderer10cache_lock0B5_
FNDA:4,_RNCNvNtCsht7KGs6HeT3_21text_template_service8renderer11inline_name0B5_
FNDA:3,_RNCNvNtCsht7KGs6HeT3_21text_template_service8renderer22validate_template_name0B5_
FNDA:1,_RNvNtNtCsht7KGs6HeT3_21text_template_service8renderer5testss_35bounded_writer_flushes_successfully
FNDA:1,_RNvNtNtCsht7KGs6HeT3_21text_template_service8renderer5testss_36maps_write_and_generic_engine_errors
FNDA:1,_RNvNtNtCsht7KGs6HeT3_21text_template_service8renderer5testss_37cached_render_matches_uncached_output
FNDA:1,_RNvNtNtCsht7KGs6HeT3_21text_template_service8renderer5testss_44cached_renders_do_not_mix_autoescape_options
FNDA:4,_RNvMs0_NtCsht7KGs6HeT3_21text_template_service8rendererNtB5_8CacheKey12from_request
FNDA:3,_RNvMs0_NtCsht7KGs6HeT3_21text_template_service8rendererNtB5_8CacheKey14template_bytes
FNDA:3,_RNvMs0_NtCsht7KGs6HeT3_21text_template_service8rendererNtB5_8CacheKey15retained_weight
FNDA:6,_RNvMs1_NtCsht7KGs6HeT3_21text_template_service8rendererNtB5_13BoundedWriter3new
FNDA:4,_RNvMs_NtCsht7KGs6HeT3_21text_template_service8rendererNtB4_13TemplateCache3get
FNDA:3,_RNvMs_NtCsht7KGs6HeT3_21text_template_service8rendererNtB4_13TemplateCache3new
FNDA:3,_RNvMs_NtCsht7KGs6HeT3_21text_template_service8rendererNtB4_13TemplateCache6insert
FNDA:7,_RNvNtCsht7KGs6HeT3_21text_template_service8renderer10cache_lock
FNDA:8,_RNvNtCsht7KGs6HeT3_21text_template_service8renderer11inline_name
FNDA:4,_RNvNtCsht7KGs6HeT3_21text_template_service8renderer13render_cached
FNDA:1,_RNvNtCsht7KGs6HeT3_21text_template_service8renderer14source_kind_of
FNDA:2,_RNvNtCsht7KGs6HeT3_21text_template_service8renderer16map_engine_error
FNDA:6,_RNvNtCsht7KGs6HeT3_21text_template_service8renderer16validate_request
FNDA:4,_RNvNtCsht7KGs6HeT3_21text_template_service8renderer17build_environment
FNDA:5,_RNvNtCsht7KGs6HeT3_21text_template_service8renderer17validate_template
FNDA:4,_RNvNtCsht7KGs6HeT3_21text_template_service8renderer22validate_template_name
FNDA:2,_RNvNtCsht7KGs6HeT3_21text_template_service8renderer6render
FNDA:5,_RNvNtCsht7KGs6HeT3_21text_template_service8renderer7execute
FNDA:3,_RNvXNtCsht7KGs6HeT3_21text_template_service8rendererNtB2_13TemplateCacheNtNtCs4NRVxsYgnAr_4core7default7Default7default
FNDA:1,_RNvXs2_NtCsht7KGs6HeT3_21text_template_service8rendererNtB5_13BoundedWriterNtNtCs2AWtUsOyxgP_3std2io5Write5flush
FNDA:16,_RNvXs2_NtCsht7KGs6HeT3_21text_template_service8rendererNtB5_13BoundedWriterNtNtCs2AWtUsOyxgP_3std2io5Write5write
FNF:30
FNH:28
DA:29,26
DA:30,26
DA:31,16
DA:32,15
DA:33,26
DA:35,10
DA:36,10
DA:37,10
DA:38,10
DA:39,10
DA:40,10
DA:41,10
DA:42,10
DA:43,1
DA:44,1
DA:45,1
DA:46,1
DA:47,1
DA:49,9
DA:50,8
DA:51,8
DA:54,9
DA:55,10
DA:63,25
DA:64,25
DA:65,25
DA:66,25
DA:67,25
DA:68,25
DA:69,25
DA:70,23
DA:71,2
DA:73,25
DA:74,22
DA:75,3
DA:77,25
DA:78,25
DA:79,25
DA:80,25
DA:82,25
DA:83,20
DA:84,20
DA:85,20
DA:86,20
DA:87,20
DA:88,19
DA:91,5
DA:92,5
DA:94,8
DA:95,8
DA:96,8
DA:97,8
DA:99,4
DA:102,23
DA:103,23
DA:104,23
DA:105,23
DA:106,23
DA:107,25
DA:109,30
DA:110,30
DA:111,30
DA:113,1
DA:114,1
DA:115,1
DA:116,0
DA:118,1
DA:120,24
DA:121,24
DA:122,24
DA:123,24
DA:124,24
DA:125,24
DA:126,24
DA:127,24
DA:128,24
DA:129,23
DA:130,23
DA:131,23
DA:132,5
DA:133,1
DA:134,1
DA:135,1
DA:136,1
DA:137,4
DA:138,4
DA:139,0
DA:140,0
DA:141,0
DA:142,4
DA:143,4
DA:144,18
DA:146,18
DA:147,18
DA:148,18
DA:149,18
DA:150,18
DA:151,18
DA:152,18
DA:153,18
DA:154,18
DA:155,18
DA:156,18
DA:157,24
DA:165,19
DA:166,19
DA:167,19
DA:168,19
DA:169,19
DA:173,19
DA:174,19
DA:175,19
DA:177,10
DA:178,10
DA:179,10
DA:180,10
DA:182,8
DA:183,8
DA:184,8
DA:185,0
DA:186,8
DA:187,8
DA:188,8
DA:192,0
DA:193,8
DA:194,8
DA:195,1
DA:196,1
DA:198,0
DA:199,0
DA:201,0
DA:202,0
DA:203,0
DA:204,0
DA:205,0
DA:207,8
DA:208,8
DA:209,8
DA:210,8
DA:211,8
DA:214,18
DA:215,18
DA:216,18
DA:217,18
DA:218,18
DA:239,10
DA:240,10
DA:241,10
DA:242,10
DA:243,10
DA:246,0
DA:247,0
DA:249,0
DA:250,0
DA:251,0
DA:252,0
DA:253,0
DA:256,10
DA:257,10
DA:258,10
DA:259,10
DA:260,10
DA:261,10
DA:262,10
DA:263,10
DA:264,10
DA:265,10
DA:267,8
DA:268,8
DA:269,8
DA:270,8
DA:271,8
DA:272,8
DA:274,8
DA:275,8
DA:276,8
DA:277,8
DA:280,36
DA:281,36
DA:282,36
DA:283,36
DA:284,36
DA:285,1
DA:286,1
DA:287,1
DA:288,1
DA:289,35
DA:291,35
DA:292,24
DA:293,24
DA:294,23
DA:295,10
DA:296,13
DA:299,11
DA:300,11
DA:302,11
DA:303,1
DA:304,1
DA:305,1
DA:306,10
DA:307,10
DA:308,1
DA:309,1
DA:310,1
DA:311,1
DA:312,9
DA:313,9
DA:314,11
DA:315,11
DA:316,10
DA:320,26
DA:321,36
DA:323,34
DA:324,34
DA:325,2
DA:326,2
DA:327,2
DA:328,2
DA:329,32
DA:330,32
DA:331,34
DA:333,30
DA:334,30
DA:335,2
DA:336,28
DA:337,28
DA:338,2
DA:339,2
DA:340,2
DA:341,2
DA:342,26
DA:343,26
DA:344,26
DA:345,26
DA:346,27
DA:348,1
DA:349,1
DA:350,1
DA:351,25
DA:352,25
DA:353,30
DA:355,9
DA:356,9
DA:357,2
DA:358,2
DA:359,2
DA:360,2
DA:361,2
DA:362,2
DA:363,2
DA:364,2
DA:365,2
DA:366,2
DA:367,2
DA:368,2
DA:369,2
DA:370,2
DA:371,2
DA:372,2
DA:373,2
DA:374,2
DA:375,1
DA:376,1
DA:377,1
DA:378,1
DA:379,1
DA:380,1
DA:381,1
DA:382,1
DA:383,1
DA:384,1
DA:385,1
DA:386,1
DA:387,1
DA:388,1
DA:389,1
DA:390,1
DA:391,1
DA:392,1
DA:394,9
DA:396,2
DA:398,7
DA:400,9
DA:401,9
DA:410,24
DA:411,24
DA:412,24
DA:413,24
DA:414,24
DA:415,24
DA:416,24
DA:420,67
DA:421,67
DA:422,1
DA:423,1
DA:424,66
DA:425,66
DA:426,66
DA:427,67
DA:429,1
DA:430,1
DA:431,1
DA:446,1
DA:447,1
DA:448,1
DA:449,1
DA:451,1
DA:452,1
DA:453,1
DA:454,1
DA:457,1
DA:458,1
DA:459,1
DA:460,1
DA:461,1
DA:464,1
DA:465,1
DA:466,1
DA:467,1
DA:468,1
DA:469,1
DA:470,1
DA:471,1
DA:472,1
DA:473,1
DA:474,1
DA:475,1
DA:476,1
DA:477,1
DA:479,1
DA:480,1
DA:481,1
DA:483,1
DA:484,1
DA:485,1
DA:488,1
DA:489,1
DA:490,1
DA:491,1
DA:492,1
DA:493,1
DA:494,1
DA:495,1
DA:496,1
DA:497,1
DA:498,1
DA:499,1
DA:500,1
DA:501,1
DA:502,1
DA:503,1
DA:504,1
DA:506,1
DA:507,1
DA:509,1
DA:510,1
DA:511,1
DA:512,1
BRF:0
BRH:0
LF:363
LH:329
end_of_record